<?xml version="1.0" encoding="UTF-8"?>
<!-- Generated by org.testng.reporters.JUnitXMLReporter -->
<testsuite ignored="0" hostname="101-3637-L424" failures="0" tests="2" name="End to end Framework Test" time="141.647" errors="0" timestamp="2025-07-12T00:07:11 WAT">
  <testcase classname="framework.AppiumFramework.eCommerce_tc_4_Hybrid" name="FillForm" time="43.105"/>
  <testcase classname="framework.AppiumFramework.eCommerce_tc_4_Hybrid" name="FillForm" time="42.544"/>
</testsuite> <!-- End to end Framework Test -->
