<?xml version="1.0" encoding="UTF-8"?>
<!-- Generated by org.testng.reporters.JUnitXMLReporter -->
<testsuite ignored="0" hostname="101-3637-L424" failures="0" tests="2" name="End to end Framework Test" time="178.607" errors="0" timestamp="2025-07-12T22:39:33 WAT">
  <testcase classname="framework.AppiumFramework.eCommerce_tc_4_Hybrid" name="FillForm" time="63.598"/>
  <testcase classname="framework.AppiumFramework.eCommerce_tc_4_Hybrid" name="FillForm" time="60.256"/>
</testsuite> <!-- End to end Framework Test -->
