<?xml version="1.0" encoding="UTF-8"?>
<testsuite xmlns:xsi="http://www.w3.org/2001/XMLSchema-instance" xsi:noNamespaceSchemaLocation="https://maven.apache.org/surefire/maven-surefire-plugin/xsd/surefire-test-report.xsd" version="3.0.1" name="TestSuite" time="180.62" tests="2" errors="0" skipped="0" failures="0">
  <properties>
[...]
</properties>
  <testcase name="FillForm[{gender=male, name=olamide ige, country=Azerbaijan}](1)" classname="framework.AppiumFramework.eCommerce_tc_4_Hybrid" time="63.612">
    <system-out><![CDATA[&amp#27;[38;5;112m[Appium]&amp#27;[0m Welcome to Appium v2.18.0
&amp#27;[38;5;112m[Appium]&amp#27;[0m Non-default server args:
&amp#27;[38;5;112m[Appium]&amp#27;[0m { address: &amp#27;[32m'127.0.0.1'&amp#27;[39m }
&amp#27;[38;5;112m[Appium]&amp#27;[0m The autodetected Appium home path: C:\Users\olamide.ige\.appium
&amp#27;[38;5;112m[Appium]&amp#27;[0m Attempting to load driver uiautomator2...
&amp#27;[38;5;112m[Appium]&amp#27;[0m Requiring driver at C:\Users\olamide.ige\.appium\node_modules\appium-uiautomator2-driver\build\index.js
&amp#27;[38;5;112m[Appium]&amp#27;[0m AndroidUiautomator2Driver has been successfully loaded in 1.789s
&amp#27;[38;5;112m[Appium]&amp#27;[0m Appium REST http interface listener started on http://127.0.0.1:4723
&amp#27;[38;5;112m[Appium]&amp#27;[0m Available drivers:
&amp#27;[38;5;112m[Appium]&amp#27;[0m   - uiautomator2@4.2.3 (automationName 'UiAutomator2')
&amp#27;[38;5;112m[Appium]&amp#27;[0m No plugins have been installed. Use the "appium plugin" command to install the one(s) you want to use.
&amp#27;[38;5;86m[HTTP]&amp#27;[0m &amp#27;[37m-->&amp#27;[39m &amp#27;[37mGET&amp#27;[39m &amp#27;[37m/status&amp#27;[39m &amp#27;[90m{}&amp#27;[39m
&amp#27;[38;5;129m[AppiumDriver@a987]&amp#27;[0m Calling AppiumDriver.getStatus() with args: []
&amp#27;[38;5;129m[AppiumDriver@a987]&amp#27;[0m Responding to client with driver.getStatus() result: {"ready":true,"message":"The server is ready to accept new connections","build":{"version":"2.18.0"}}
&amp#27;[38;5;86m[HTTP]&amp#27;[0m &amp#27;[37m<-- GET /status &amp#27;[39m&amp#27;[32m200&amp#27;[39m &amp#27;[90m20 ms - 111&amp#27;[39m &amp#27;[90m&amp#27;[39m
&amp#27;[38;5;86m[HTTP]&amp#27;[0m Request idempotency key: 5a22e383-285f-4742-8595-43c0ac82aeb5
&amp#27;[38;5;86m[HTTP]&amp#27;[0m &amp#27;[37m-->&amp#27;[39m &amp#27;[37mPOST&amp#27;[39m &amp#27;[37m/session&amp#27;[39m &amp#27;[90m{"capabilities":{"firstMatch":[{"appium:chromedriverExecutable":"C:\\Users\\olamide.ige\\Downloads\\software\\appium\\chromeDriver133\\chromedriver.exe","appium:deviceName":"android pixel 3a","platformName":"ANDROID","appium:automationName":"UIAutomator2","appium:app":"C:\\Users\\olamide.ige\\eclipse-workspace\\appiumTutorial\\src\\test\\java\\resources\\General-Store.apk"}]}}&amp#27;[39m
&amp#27;[38;5;129m[AppiumDriver@a987]&amp#27;[0m Calling AppiumDriver.createSession() with args: [null,null,{"firstMatch":[{"appium:chromedriverExecutable":"C:\\Users\\olamide.ige\\Downloads\\software\\appium\\chromeDriver133\\chromedriver.exe","appium:deviceName":"android pixel 3a","platformName":"ANDROID","appium:automationName":"UIAutomator2","appium:app":"C:\\Users\\olamide.ige\\eclipse-workspace\\appiumTutorial\\src\\test\\java\\resources\\General-Store.apk"}]}]
&amp#27;[38;5;129m[AppiumDriver@a987]&amp#27;[0m Event 'newSessionRequested' logged at 1752356200440 (22:36:40 GMT+0100 (West Africa Standard Time))
&amp#27;[38;5;112m[Appium]&amp#27;[0m Attempting to find matching driver for automationName 'UIAutomator2' and platformName 'ANDROID'
&amp#27;[38;5;112m[Appium]&amp#27;[0m The 'uiautomator2' driver was installed and matched caps.
&amp#27;[38;5;112m[Appium]&amp#27;[0m Will require it at C:\Users\olamide.ige\.appium\node_modules\appium-uiautomator2-driver
&amp#27;[38;5;112m[Appium]&amp#27;[0m Requiring driver at C:\Users\olamide.ige\.appium\node_modules\appium-uiautomator2-driver\build\index.js
&amp#27;[38;5;129m[AppiumDriver@a987]&amp#27;[0m Appium v2.18.0 creating new AndroidUiautomator2Driver (v4.2.3) session
&amp#27;[38;5;129m[AppiumDriver@a987]&amp#27;[0m Checking BaseDriver versions for Appium and AndroidUiautomator2Driver
&amp#27;[38;5;129m[AppiumDriver@a987]&amp#27;[0m Appium's BaseDriver version is 9.17.0
&amp#27;[38;5;129m[AppiumDriver@a987]&amp#27;[0m AndroidUiautomator2Driver's BaseDriver version is 9.17.0
&amp#27;[38;5;-120m[AndroidUiautomator2Driver@b270]&amp#27;[0m 
&amp#27;[38;5;-120m[AndroidUiautomator2Driver@b270]&amp#27;[0m Creating session with W3C capabilities: {
  "alwaysMatch": {
    "platformName": "ANDROID",
    "appium:chromedriverExecutable": "C:\\Users\\olamide.ige\\Downloads\\software\\appium\\chromeDriver133\\chromedriver.exe",
    "appium:deviceName": "android pixel 3a",
    "appium:automationName": "UIAutomator2",
    "appium:app": "C:\\Users\\olamide.ige\\eclipse-workspace\\appiumTutorial\\src\\test\\java\\resources\\General-Store.apk"
  },
  "firstMatch": [
    {}
  ]
}
&amp#27;[38;5;167m[4d61b2ac]&amp#27;[0m&amp#27;[38;5;-120m[AndroidUiautomator2Driver@b270]&amp#27;[0m Session created with session id: 4d61b2ac-7488-4e5f-acb6-de3d9a0fded5
&amp#27;[38;5;167m[4d61b2ac]&amp#27;[0m&amp#27;[38;5;229m[ADB]&amp#27;[0m Found 3 'build-tools' folders under 'C:\Users\olamide.ige\AppData\Local\Android\Sdk' (newest first):
&amp#27;[38;5;167m[4d61b2ac]&amp#27;[0m&amp#27;[38;5;229m[ADB]&amp#27;[0m     C:\Users\olamide.ige\AppData\Local\Android\Sdk\build-tools\36.0.0
&amp#27;[38;5;167m[4d61b2ac]&amp#27;[0m&amp#27;[38;5;229m[ADB]&amp#27;[0m     C:\Users\olamide.ige\AppData\Local\Android\Sdk\build-tools\35.0.1
&amp#27;[38;5;167m[4d61b2ac]&amp#27;[0m&amp#27;[38;5;229m[ADB]&amp#27;[0m     C:\Users\olamide.ige\AppData\Local\Android\Sdk\build-tools\35.0.0
&amp#27;[38;5;167m[4d61b2ac]&amp#27;[0m&amp#27;[38;5;229m[ADB]&amp#27;[0m Using 'adb.exe' from 'C:\Users\olamide.ige\AppData\Local\Android\Sdk\platform-tools\adb.exe'
&amp#27;[38;5;167m[4d61b2ac]&amp#27;[0m&amp#27;[38;5;229m[ADB]&amp#27;[0m Running 'C:\Users\olamide.ige\AppData\Local\Android\Sdk\platform-tools\adb.exe -P 5037 start-server'
&amp#27;[38;5;167m[4d61b2ac]&amp#27;[0m&amp#27;[38;5;-120m[AndroidUiautomator2Driver@b270]&amp#27;[0m Retrieving device list
&amp#27;[38;5;167m[4d61b2ac]&amp#27;[0m&amp#27;[38;5;229m[ADB]&amp#27;[0m Trying to find connected Android devices
&amp#27;[38;5;167m[4d61b2ac]&amp#27;[0m&amp#27;[38;5;229m[ADB]&amp#27;[0m Getting connected devices
&amp#27;[38;5;167m[4d61b2ac]&amp#27;[0m&amp#27;[38;5;229m[ADB]&amp#27;[0m Connected devices: [{"udid":"emulator-5554","state":"device"}]
&amp#27;[38;5;167m[4d61b2ac]&amp#27;[0m&amp#27;[38;5;-120m[AndroidUiautomator2Driver@b270]&amp#27;[0m Using device: emulator-5554
&amp#27;[38;5;167m[4d61b2ac]&amp#27;[0m&amp#27;[38;5;229m[ADB]&amp#27;[0m Using 'adb.exe' from 'C:\Users\olamide.ige\AppData\Local\Android\Sdk\platform-tools\adb.exe'
&amp#27;[38;5;167m[4d61b2ac]&amp#27;[0m&amp#27;[38;5;229m[ADB]&amp#27;[0m Running 'C:\Users\olamide.ige\AppData\Local\Android\Sdk\platform-tools\adb.exe -P 5037 start-server'
&amp#27;[38;5;167m[4d61b2ac]&amp#27;[0m&amp#27;[38;5;229m[ADB]&amp#27;[0m Setting device id to emulator-5554
&amp#27;[38;5;167m[4d61b2ac]&amp#27;[0m&amp#27;[38;5;123m[BaseDriver]&amp#27;[0m Using local app 'C:\Users\olamide.ige\eclipse-workspace\appiumTutorial\src\test\java\resources\General-Store.apk'
&amp#27;[38;5;167m[4d61b2ac]&amp#27;[0m&amp#27;[38;5;-120m[AndroidUiautomator2Driver@b270]&amp#27;[0m Checking whether app is actually present
&amp#27;[38;5;167m[4d61b2ac]&amp#27;[0m&amp#27;[38;5;229m[ADB]&amp#27;[0m Running 'C:\Users\olamide.ige\AppData\Local\Android\Sdk\platform-tools\adb.exe -P 5037 -s emulator-5554 shell getprop ro.build.version.sdk'
&amp#27;[38;5;167m[4d61b2ac]&amp#27;[0m&amp#27;[38;5;229m[ADB]&amp#27;[0m Current device property 'ro.build.version.sdk': 36
&amp#27;[38;5;167m[4d61b2ac]&amp#27;[0m&amp#27;[38;5;229m[ADB]&amp#27;[0m Getting device platform version
&amp#27;[38;5;167m[4d61b2ac]&amp#27;[0m&amp#27;[38;5;229m[ADB]&amp#27;[0m Running 'C:\Users\olamide.ige\AppData\Local\Android\Sdk\platform-tools\adb.exe -P 5037 -s emulator-5554 shell getprop ro.build.version.release'
&amp#27;[38;5;167m[4d61b2ac]&amp#27;[0m&amp#27;[38;5;229m[ADB]&amp#27;[0m Current device property 'ro.build.version.release': 16
&amp#27;[38;5;167m[4d61b2ac]&amp#27;[0m&amp#27;[38;5;229m[ADB]&amp#27;[0m Device API level: 36
&amp#27;[38;5;167m[4d61b2ac]&amp#27;[0m&amp#27;[38;5;-120m[AndroidUiautomator2Driver@b270]&amp#27;[0m Relaxing hidden api policy
&amp#27;[38;5;167m[4d61b2ac]&amp#27;[0m&amp#27;[38;5;229m[ADB]&amp#27;[0m Running 'C:\Users\olamide.ige\AppData\Local\Android\Sdk\platform-tools\adb.exe -P 5037 -s emulator-5554 shell 'settings put global hidden_api_policy_pre_p_apps 1;settings put global hidden_api_policy_p_apps 1;settings put global hidden_api_policy 1''
&amp#27;[38;5;167m[4d61b2ac]&amp#27;[0m&amp#27;[38;5;-120m[AndroidUiautomator2Driver@b270]&amp#27;[0m Parsing package and activity from the 'General-Store.apk' file manifest
&amp#27;[38;5;167m[4d61b2ac]&amp#27;[0m&amp#27;[38;5;229m[ADB]&amp#27;[0m Running 'C:\Users\olamide.ige\AppData\Local\Android\Sdk\platform-tools\adb.exe -P 5037 -s emulator-5554 wait-for-device'
&amp#27;[38;5;167m[4d61b2ac]&amp#27;[0m&amp#27;[38;5;229m[ADB]&amp#27;[0m Using 'aapt2.exe' from 'C:\Users\olamide.ige\AppData\Local\Android\Sdk\build-tools\36.0.0\aapt2.exe'
&amp#27;[38;5;167m[4d61b2ac]&amp#27;[0m&amp#27;[38;5;229m[ADB]&amp#27;[0m Reading package manifest: 'C:\\Users\\olamide.ige\\AppData\\Local\\Android\\Sdk\\build-tools\\36.0.0\\aapt2.exe dump badging C:\\Users\\olamide.ige\\eclipse-workspace\\appiumTutorial\\src\\test\\java\\resources\\General-Store.apk'
&amp#27;[38;5;167m[4d61b2ac]&amp#27;[0m&amp#27;[38;5;229m[ADB]&amp#27;[0m Running 'C:\Users\olamide.ige\AppData\Local\Android\Sdk\platform-tools\adb.exe -P 5037 -s emulator-5554 shell echo ping'
&amp#27;[38;5;167m[4d61b2ac]&amp#27;[0m&amp#27;[38;5;229m[ADB]&amp#27;[0m Package name: 'com.androidsample.generalstore'
&amp#27;[38;5;167m[4d61b2ac]&amp#27;[0m&amp#27;[38;5;229m[ADB]&amp#27;[0m Main activity name: 'com.androidsample.generalstore.SplashActivity'
&amp#27;[38;5;167m[4d61b2ac]&amp#27;[0m&amp#27;[38;5;-120m[AndroidUiautomator2Driver@b270]&amp#27;[0m Resolved launch package -> activity: com.androidsample.generalstore -> com.androidsample.generalstore.SplashActivity
&amp#27;[38;5;167m[4d61b2ac]&amp#27;[0m&amp#27;[38;5;-120m[AndroidUiautomator2Driver@b270]&amp#27;[0m Resolved wait package -> activity: com.androidsample.generalstore -> com.androidsample.generalstore.SplashActivity
&amp#27;[38;5;167m[4d61b2ac]&amp#27;[0m&amp#27;[38;5;-120m[AndroidUiautomator2Driver@b270]&amp#27;[0m Pushing settings apk to the device...
&amp#27;[38;5;167m[4d61b2ac]&amp#27;[0m&amp#27;[38;5;229m[ADB]&amp#27;[0m Getting package info for 'io.appium.settings'
&amp#27;[38;5;167m[4d61b2ac]&amp#27;[0m&amp#27;[38;5;229m[ADB]&amp#27;[0m Running 'C:\Users\olamide.ige\AppData\Local\Android\Sdk\platform-tools\adb.exe -P 5037 -s emulator-5554 shell dumpsys package io.appium.settings'
&amp#27;[38;5;167m[4d61b2ac]&amp#27;[0m&amp#27;[38;5;229m[ADB]&amp#27;[0m Reading package manifest: 'C:\\Users\\olamide.ige\\AppData\\Local\\Android\\Sdk\\build-tools\\36.0.0\\aapt2.exe dump badging C:\\Users\\olamide.ige\\.appium\\node_modules\\appium-uiautomator2-driver\\node_modules\\io.appium.settings\\apks\\settings_apk-debug.apk'
&amp#27;[38;5;167m[4d61b2ac]&amp#27;[0m&amp#27;[38;5;229m[ADB]&amp#27;[0m The version name of the installed 'io.appium.settings' is greater or equal to the application version name ('5.14.8' >= '5.14.8')
&amp#27;[38;5;167m[4d61b2ac]&amp#27;[0m&amp#27;[38;5;229m[ADB]&amp#27;[0m There is no need to install/upgrade 'C:\Users\olamide.ige\.appium\node_modules\appium-uiautomator2-driver\node_modules\io.appium.settings\apks\settings_apk-debug.apk'
&amp#27;[38;5;167m[4d61b2ac]&amp#27;[0m&amp#27;[38;5;229m[ADB]&amp#27;[0m Running 'C:\Users\olamide.ige\AppData\Local\Android\Sdk\platform-tools\adb.exe -P 5037 -s emulator-5554 shell dumpsys activity services io.appium.settings'
&amp#27;[38;5;167m[4d61b2ac]&amp#27;[0m&amp#27;[38;5;-120m[AndroidUiautomator2Driver@b270]&amp#27;[0m io.appium.settings is already running. There is no need to reset its permissions.
&amp#27;[38;5;167m[4d61b2ac]&amp#27;[0m&amp#27;[38;5;160m[Logcat]&amp#27;[0m Starting logs capture with command: C:\\Users\\olamide.ige\\AppData\\Local\\Android\\Sdk\\platform-tools\\adb.exe -P 5037 -s emulator-5554 logcat -v threadtime
&amp#27;[38;5;167m[4d61b2ac]&amp#27;[0m&amp#27;[38;5;-120m[AndroidUiautomator2Driver@b270]&amp#27;[0m Forwarding UiAutomator2 Server port 6790 to local port 8200
&amp#27;[38;5;167m[4d61b2ac]&amp#27;[0m&amp#27;[38;5;229m[ADB]&amp#27;[0m Forwarding system: 8200 to device: 6790
&amp#27;[38;5;167m[4d61b2ac]&amp#27;[0m&amp#27;[38;5;229m[ADB]&amp#27;[0m Running 'C:\Users\olamide.ige\AppData\Local\Android\Sdk\platform-tools\adb.exe -P 5037 -s emulator-5554 forward tcp:8200 tcp:6790'
&amp#27;[38;5;167m[4d61b2ac]&amp#27;[0m&amp#27;[38;5;-120m[AndroidUiautomator2Driver@b270]&amp#27;[0m UIA2Proxy options: {"server":"127.0.0.1","port":8200,"keepAlive":true,"scheme":"http","base":"","reqBasePath":"","sessionId":null,"timeout":240000}
&amp#27;[38;5;167m[4d61b2ac]&amp#27;[0m&amp#27;[38;5;229m[ADB]&amp#27;[0m Getting package info for 'io.appium.uiautomator2.server'
&amp#27;[38;5;167m[4d61b2ac]&amp#27;[0m&amp#27;[38;5;229m[ADB]&amp#27;[0m Running 'C:\Users\olamide.ige\AppData\Local\Android\Sdk\platform-tools\adb.exe -P 5037 -s emulator-5554 shell dumpsys package io.appium.uiautomator2.server'
&amp#27;[38;5;167m[4d61b2ac]&amp#27;[0m&amp#27;[38;5;229m[ADB]&amp#27;[0m Getting install status for io.appium.uiautomator2.server.test
&amp#27;[38;5;167m[4d61b2ac]&amp#27;[0m&amp#27;[38;5;229m[ADB]&amp#27;[0m Checking app cert for C:\Users\olamide.ige\eclipse-workspace\appiumTutorial\src\test\java\resources\General-Store.apk
&amp#27;[38;5;167m[4d61b2ac]&amp#27;[0m&amp#27;[38;5;229m[ADB]&amp#27;[0m Running 'C:\Users\olamide.ige\AppData\Local\Android\Sdk\platform-tools\adb.exe -P 5037 -s emulator-5554 shell cmd package list packages'
&amp#27;[38;5;167m[4d61b2ac]&amp#27;[0m&amp#27;[38;5;229m[ADB]&amp#27;[0m Using 'apksigner.jar' from 'C:\Users\olamide.ige\AppData\Local\Android\Sdk\build-tools\36.0.0\lib\apksigner.jar'
&amp#27;[38;5;167m[4d61b2ac]&amp#27;[0m&amp#27;[38;5;229m[ADB]&amp#27;[0m Starting apksigner: 'C:\\Program Files\\Java\\jdk-21\\bin\\java.exe' -Xmx1024M -Xss1m -jar C:\\Users\\olamide.ige\\AppData\\Local\\Android\\Sdk\\build-tools\\36.0.0\\lib\\apksigner.jar verify --print-certs C:\\Users\\olamide.ige\\eclipse-workspace\\appiumTutorial\\src\\test\\java\\resources\\General-Store.apk
&amp#27;[38;5;167m[4d61b2ac]&amp#27;[0m&amp#27;[38;5;229m[ADB]&amp#27;[0m Reading package manifest: 'C:\\Users\\olamide.ige\\AppData\\Local\\Android\\Sdk\\build-tools\\36.0.0\\aapt2.exe dump badging C:\\Users\\olamide.ige\\.appium\\node_modules\\appium-uiautomator2-driver\\node_modules\\appium-uiautomator2-server\\apks\\appium-uiautomator2-server-v7.5.2.apk'
&amp#27;[38;5;167m[4d61b2ac]&amp#27;[0m&amp#27;[38;5;229m[ADB]&amp#27;[0m 'io.appium.uiautomator2.server.test' is installed
&amp#27;[38;5;167m[4d61b2ac]&amp#27;[0m&amp#27;[38;5;229m[ADB]&amp#27;[0m The version name of the installed 'io.appium.uiautomator2.server' is greater or equal to the application version name ('7.5.2' >= '7.5.2')
&amp#27;[38;5;167m[4d61b2ac]&amp#27;[0m&amp#27;[38;5;-120m[AndroidUiautomator2Driver@b270]&amp#27;[0m Server packages status: [{"installState":"sameVersionInstalled","appPath":"C:\\Users\\olamide.ige\\.appium\\node_modules\\appium-uiautomator2-driver\\node_modules\\appium-uiautomator2-server\\apks\\appium-uiautomator2-server-v7.5.2.apk","appId":"io.appium.uiautomator2.server"},{"installState":"sameVersionInstalled","appPath":"C:\\Users\\olamide.ige\\.appium\\node_modules\\appium-uiautomator2-driver\\node_modules\\appium-uiautomator2-server\\apks\\appium-uiautomator2-server-debug-androidTest.apk","appId":"io.appium.uiautomator2.server.test"}]
&amp#27;[38;5;167m[4d61b2ac]&amp#27;[0m&amp#27;[38;5;-120m[AndroidUiautomator2Driver@b270]&amp#27;[0m Server packages are not going to be (re)installed
&amp#27;[38;5;167m[4d61b2ac]&amp#27;[0m&amp#27;[38;5;-120m[AndroidUiautomator2Driver@b270]&amp#27;[0m Waiting up to 30000ms for services to be available
&amp#27;[38;5;167m[4d61b2ac]&amp#27;[0m&amp#27;[38;5;229m[ADB]&amp#27;[0m Running 'C:\Users\olamide.ige\AppData\Local\Android\Sdk\platform-tools\adb.exe -P 5037 -s emulator-5554 shell pm list instrumentation'
&amp#27;[38;5;167m[4d61b2ac]&amp#27;[0m&amp#27;[38;5;229m[ADB]&amp#27;[0m apksigner stdout: Signer #1 certificate DN: EMAILADDRESS=android@android.com, CN=Android, OU=Android, O=Android, L=Mountain View, ST=California, C=US
Signer #1 certificate SHA-256 digest: a40da80a59d170caa950cf15c18c454d47a39b26989d8b640ecd745ba71bf5dc
Signer #1 certificate SHA-1 digest: 61ed377e85d386a8dfee6b864bd85b0bfaa5af81
Signer #1 certificate MD5 digest: e89b158e4bcf988ebd09eb83f5378e87

&amp#27;[38;5;167m[4d61b2ac]&amp#27;[0m&amp#27;[38;5;229m[ADB]&amp#27;[0m sha256 hash did match for 'General-Store.apk'
&amp#27;[38;5;167m[4d61b2ac]&amp#27;[0m&amp#27;[38;5;229m[ADB]&amp#27;[0m 'C:\Users\olamide.ige\eclipse-workspace\appiumTutorial\src\test\java\resources\General-Store.apk' is signed with the default certificate
&amp#27;[38;5;167m[4d61b2ac]&amp#27;[0m&amp#27;[38;5;229m[ADB]&amp#27;[0m Getting package info for 'com.androidsample.generalstore'
&amp#27;[38;5;167m[4d61b2ac]&amp#27;[0m&amp#27;[38;5;229m[ADB]&amp#27;[0m Running 'C:\Users\olamide.ige\AppData\Local\Android\Sdk\platform-tools\adb.exe -P 5037 -s emulator-5554 shell dumpsys package com.androidsample.generalstore'
&amp#27;[38;5;167m[4d61b2ac]&amp#27;[0m&amp#27;[38;5;-120m[AndroidUiautomator2Driver@b270]&amp#27;[0m Instrumentation target 'io.appium.uiautomator2.server.test/androidx.test.runner.AndroidJUnitRunner' is available
&amp#27;[38;5;167m[4d61b2ac]&amp#27;[0m&amp#27;[38;5;229m[ADB]&amp#27;[0m Adding packages ["io.appium.settings","io.appium.uiautomator2.server","io.appium.uiautomator2.server.test"] to Doze whitelist
&amp#27;[38;5;167m[4d61b2ac]&amp#27;[0m&amp#27;[38;5;229m[ADB]&amp#27;[0m Got the following command chunks to execute: [["dumpsys","deviceidle","whitelist","+io.appium.settings",";","dumpsys","deviceidle","whitelist","+io.appium.uiautomator2.server",";","dumpsys","deviceidle","whitelist","+io.appium.uiautomator2.server.test",";"]]
&amp#27;[38;5;167m[4d61b2ac]&amp#27;[0m&amp#27;[38;5;229m[ADB]&amp#27;[0m Running 'C:\Users\olamide.ige\AppData\Local\Android\Sdk\platform-tools\adb.exe -P 5037 -s emulator-5554 shell dumpsys deviceidle whitelist +io.appium.settings ; dumpsys deviceidle whitelist +io.appium.uiautomator2.server ; dumpsys deviceidle whitelist +io.appium.uiautomator2.server.test ;'
&amp#27;[38;5;167m[4d61b2ac]&amp#27;[0m&amp#27;[38;5;229m[ADB]&amp#27;[0m Reading package manifest: 'C:\\Users\\olamide.ige\\AppData\\Local\\Android\\Sdk\\build-tools\\36.0.0\\aapt2.exe dump badging C:\\Users\\olamide.ige\\eclipse-workspace\\appiumTutorial\\src\\test\\java\\resources\\General-Store.apk'
&amp#27;[38;5;167m[4d61b2ac]&amp#27;[0m&amp#27;[38;5;229m[ADB]&amp#27;[0m The version name of the installed 'com.androidsample.generalstore' is greater or equal to the application version name ('1.0.0' >= '1.0.0')
&amp#27;[38;5;167m[4d61b2ac]&amp#27;[0m&amp#27;[38;5;229m[ADB]&amp#27;[0m There is no need to install/upgrade 'C:\Users\olamide.ige\eclipse-workspace\appiumTutorial\src\test\java\resources\General-Store.apk'
&amp#27;[38;5;167m[4d61b2ac]&amp#27;[0m&amp#27;[38;5;-120m[AndroidUiautomator2Driver@b270]&amp#27;[0m Performing fast reset on 'com.androidsample.generalstore'
&amp#27;[38;5;167m[4d61b2ac]&amp#27;[0m&amp#27;[38;5;229m[ADB]&amp#27;[0m Getting install status for com.androidsample.generalstore
&amp#27;[38;5;167m[4d61b2ac]&amp#27;[0m&amp#27;[38;5;229m[ADB]&amp#27;[0m Running 'C:\Users\olamide.ige\AppData\Local\Android\Sdk\platform-tools\adb.exe -P 5037 -s emulator-5554 shell cmd package list packages'
&amp#27;[38;5;167m[4d61b2ac]&amp#27;[0m&amp#27;[38;5;229m[ADB]&amp#27;[0m 'com.androidsample.generalstore' is installed
&amp#27;[38;5;167m[4d61b2ac]&amp#27;[0m&amp#27;[38;5;229m[ADB]&amp#27;[0m Running 'C:\Users\olamide.ige\AppData\Local\Android\Sdk\platform-tools\adb.exe -P 5037 -s emulator-5554 shell am force-stop com.androidsample.generalstore'
&amp#27;[38;5;167m[4d61b2ac]&amp#27;[0m&amp#27;[38;5;229m[ADB]&amp#27;[0m Running 'C:\Users\olamide.ige\AppData\Local\Android\Sdk\platform-tools\adb.exe -P 5037 -s emulator-5554 shell pm clear com.androidsample.generalstore'
&amp#27;[38;5;167m[4d61b2ac]&amp#27;[0m&amp#27;[38;5;-120m[AndroidUiautomator2Driver@b270]&amp#27;[0m Performed fast reset on the installed 'com.androidsample.generalstore' application (stop and clear)
&amp#27;[38;5;167m[4d61b2ac]&amp#27;[0m&amp#27;[38;5;-120m[AndroidUiautomator2Driver@b270]&amp#27;[0m Performing shallow cleanup of automation leftovers
&amp#27;[38;5;167m[4d61b2ac]&amp#27;[0m&amp#27;[38;5;-120m[AndroidUiautomator2Driver@b270]&amp#27;[0m No obsolete sessions have been detected (socket hang up)
&amp#27;[38;5;167m[4d61b2ac]&amp#27;[0m&amp#27;[38;5;229m[ADB]&amp#27;[0m Running 'C:\Users\olamide.ige\AppData\Local\Android\Sdk\platform-tools\adb.exe -P 5037 -s emulator-5554 shell am force-stop io.appium.uiautomator2.server'
&amp#27;[38;5;167m[4d61b2ac]&amp#27;[0m&amp#27;[38;5;229m[ADB]&amp#27;[0m Running 'C:\Users\olamide.ige\AppData\Local\Android\Sdk\platform-tools\adb.exe -P 5037 -s emulator-5554 shell am force-stop io.appium.uiautomator2.server.test'
&amp#27;[38;5;167m[4d61b2ac]&amp#27;[0m&amp#27;[38;5;-120m[AndroidUiautomator2Driver@b270]&amp#27;[0m Starting UIAutomator2 server 7.5.2
&amp#27;[38;5;167m[4d61b2ac]&amp#27;[0m&amp#27;[38;5;-120m[AndroidUiautomator2Driver@b270]&amp#27;[0m Using UIAutomator2 server from 'C:\Users\olamide.ige\.appium\node_modules\appium-uiautomator2-driver\node_modules\appium-uiautomator2-server\apks\appium-uiautomator2-server-v7.5.2.apk' and test from 'C:\Users\olamide.ige\.appium\node_modules\appium-uiautomator2-driver\node_modules\appium-uiautomator2-server\apks\appium-uiautomator2-server-debug-androidTest.apk'
&amp#27;[38;5;167m[4d61b2ac]&amp#27;[0m&amp#27;[38;5;-120m[AndroidUiautomator2Driver@b270]&amp#27;[0m Waiting up to 30000ms for UiAutomator2 to be online...
&amp#27;[38;5;167m[4d61b2ac]&amp#27;[0m&amp#27;[38;5;229m[ADB]&amp#27;[0m Creating ADB subprocess with args: ["-P","5037","-s","emulator-5554","shell","am","instrument","-w","-e","disableAnalytics","true","io.appium.uiautomator2.server.test/androidx.test.runner.AndroidJUnitRunner"]
&amp#27;[38;5;167m[4d61b2ac]&amp#27;[0m&amp#27;[38;5;-120m[AndroidUiautomator2Driver@b270]&amp#27;[0m Matched '/status' to command name 'getStatus'
&amp#27;[38;5;167m[4d61b2ac]&amp#27;[0m&amp#27;[38;5;-120m[AndroidUiautomator2Driver@b270]&amp#27;[0m Proxying [GET /status] to [GET http://127.0.0.1:8200/status] with no body
&amp#27;[38;5;167m[4d61b2ac]&amp#27;[0m&amp#27;[38;5;-120m[AndroidUiautomator2Driver@b270]&amp#27;[0m socket hang up
&amp#27;[38;5;167m[4d61b2ac]&amp#27;[0m&amp#27;[38;5;-120m[AndroidUiautomator2Driver@b270]&amp#27;[0m Matched '/status' to command name 'getStatus'
&amp#27;[38;5;167m[4d61b2ac]&amp#27;[0m&amp#27;[38;5;-120m[AndroidUiautomator2Driver@b270]&amp#27;[0m Proxying [GET /status] to [GET http://127.0.0.1:8200/status] with no body
&amp#27;[38;5;167m[4d61b2ac]&amp#27;[0m&amp#27;[38;5;-120m[AndroidUiautomator2Driver@b270]&amp#27;[0m socket hang up
&amp#27;[38;5;167m[4d61b2ac]&amp#27;[0m&amp#27;[38;5;-120m[AndroidUiautomator2Driver@b270]&amp#27;[0m Matched '/status' to command name 'getStatus'
&amp#27;[38;5;167m[4d61b2ac]&amp#27;[0m&amp#27;[38;5;-120m[AndroidUiautomator2Driver@b270]&amp#27;[0m Proxying [GET /status] to [GET http://127.0.0.1:8200/status] with no body
&amp#27;[38;5;167m[4d61b2ac]&amp#27;[0m&amp#27;[38;5;-120m[AndroidUiautomator2Driver@b270]&amp#27;[0m socket hang up
&amp#27;[38;5;167m[4d61b2ac]&amp#27;[0m&amp#27;[38;5;-120m[AndroidUiautomator2Driver@b270]&amp#27;[0m Matched '/status' to command name 'getStatus'
&amp#27;[38;5;167m[4d61b2ac]&amp#27;[0m&amp#27;[38;5;-120m[AndroidUiautomator2Driver@b270]&amp#27;[0m Proxying [GET /status] to [GET http://127.0.0.1:8200/status] with no body
&amp#27;[38;5;167m[4d61b2ac]&amp#27;[0m&amp#27;[38;5;-120m[AndroidUiautomator2Driver@b270]&amp#27;[0m socket hang up
&amp#27;[38;5;167m[4d61b2ac]&amp#27;[0m&amp#27;[38;5;-120m[AndroidUiautomator2Driver@b270]&amp#27;[0m Matched '/status' to command name 'getStatus'
&amp#27;[38;5;167m[4d61b2ac]&amp#27;[0m&amp#27;[38;5;-120m[AndroidUiautomator2Driver@b270]&amp#27;[0m Proxying [GET /status] to [GET http://127.0.0.1:8200/status] with no body
&amp#27;[38;5;167m[4d61b2ac]&amp#27;[0m&amp#27;[38;5;-120m[AndroidUiautomator2Driver@b270]&amp#27;[0m socket hang up
&amp#27;[38;5;167m[4d61b2ac]&amp#27;[0m&amp#27;[38;5;-120m[AndroidUiautomator2Driver@b270]&amp#27;[0m Matched '/status' to command name 'getStatus'
&amp#27;[38;5;167m[4d61b2ac]&amp#27;[0m&amp#27;[38;5;-120m[AndroidUiautomator2Driver@b270]&amp#27;[0m Proxying [GET /status] to [GET http://127.0.0.1:8200/status] with no body
&amp#27;[38;5;167m[4d61b2ac]&amp#27;[0m&amp#27;[38;5;-120m[AndroidUiautomator2Driver@b270]&amp#27;[0m socket hang up
&amp#27;[38;5;167m[4d61b2ac]&amp#27;[0m&amp#27;[38;5;-120m[AndroidUiautomator2Driver@b270]&amp#27;[0m Matched '/status' to command name 'getStatus'
&amp#27;[38;5;167m[4d61b2ac]&amp#27;[0m&amp#27;[38;5;-120m[AndroidUiautomator2Driver@b270]&amp#27;[0m Proxying [GET /status] to [GET http://127.0.0.1:8200/status] with no body
&amp#27;[38;5;167m[4d61b2ac]&amp#27;[0m&amp#27;[38;5;-120m[AndroidUiautomator2Driver@b270]&amp#27;[0m socket hang up
&amp#27;[38;5;167m[4d61b2ac]&amp#27;[0m&amp#27;[38;5;-120m[AndroidUiautomator2Driver@b270]&amp#27;[0m Matched '/status' to command name 'getStatus'
&amp#27;[38;5;167m[4d61b2ac]&amp#27;[0m&amp#27;[38;5;-120m[AndroidUiautomator2Driver@b270]&amp#27;[0m Proxying [GET /status] to [GET http://127.0.0.1:8200/status] with no body
&amp#27;[38;5;167m[4d61b2ac]&amp#27;[0m&amp#27;[38;5;-120m[AndroidUiautomator2Driver@b270]&amp#27;[0m socket hang up
&amp#27;[38;5;167m[4d61b2ac]&amp#27;[0m&amp#27;[38;5;-120m[AndroidUiautomator2Driver@b270]&amp#27;[0m Matched '/status' to command name 'getStatus'
&amp#27;[38;5;167m[4d61b2ac]&amp#27;[0m&amp#27;[38;5;-120m[AndroidUiautomator2Driver@b270]&amp#27;[0m Proxying [GET /status] to [GET http://127.0.0.1:8200/status] with no body
&amp#27;[38;5;167m[4d61b2ac]&amp#27;[0m&amp#27;[38;5;-120m[AndroidUiautomator2Driver@b270]&amp#27;[0m socket hang up
&amp#27;[38;5;167m[4d61b2ac]&amp#27;[0m&amp#27;[38;5;-120m[AndroidUiautomator2Driver@b270]&amp#27;[0m Matched '/status' to command name 'getStatus'
&amp#27;[38;5;167m[4d61b2ac]&amp#27;[0m&amp#27;[38;5;-120m[AndroidUiautomator2Driver@b270]&amp#27;[0m Proxying [GET /status] to [GET http://127.0.0.1:8200/status] with no body
&amp#27;[38;5;167m[4d61b2ac]&amp#27;[0m&amp#27;[38;5;-120m[AndroidUiautomator2Driver@b270]&amp#27;[0m socket hang up
&amp#27;[38;5;167m[4d61b2ac]&amp#27;[0m&amp#27;[38;5;-120m[AndroidUiautomator2Driver@b270]&amp#27;[0m Matched '/status' to command name 'getStatus'
&amp#27;[38;5;167m[4d61b2ac]&amp#27;[0m&amp#27;[38;5;-120m[AndroidUiautomator2Driver@b270]&amp#27;[0m Proxying [GET /status] to [GET http://127.0.0.1:8200/status] with no body
&amp#27;[38;5;167m[4d61b2ac]&amp#27;[0m&amp#27;[38;5;-120m[AndroidUiautomator2Driver@b270]&amp#27;[0m socket hang up
&amp#27;[38;5;167m[4d61b2ac]&amp#27;[0m&amp#27;[38;5;-120m[AndroidUiautomator2Driver@b270]&amp#27;[0m Matched '/status' to command name 'getStatus'
&amp#27;[38;5;167m[4d61b2ac]&amp#27;[0m&amp#27;[38;5;-120m[AndroidUiautomator2Driver@b270]&amp#27;[0m Proxying [GET /status] to [GET http://127.0.0.1:8200/status] with no body
&amp#27;[38;5;167m[4d61b2ac]&amp#27;[0m&amp#27;[38;5;-120m[AndroidUiautomator2Driver@b270]&amp#27;[0m socket hang up
&amp#27;[38;5;167m[4d61b2ac]&amp#27;[0m&amp#27;[38;5;-120m[AndroidUiautomator2Driver@b270]&amp#27;[0m Matched '/status' to command name 'getStatus'
&amp#27;[38;5;167m[4d61b2ac]&amp#27;[0m&amp#27;[38;5;-120m[AndroidUiautomator2Driver@b270]&amp#27;[0m Proxying [GET /status] to [GET http://127.0.0.1:8200/status] with no body
&amp#27;[38;5;167m[4d61b2ac]&amp#27;[0m&amp#27;[38;5;-120m[AndroidUiautomator2Driver@b270]&amp#27;[0m socket hang up
&amp#27;[38;5;167m[4d61b2ac]&amp#27;[0m&amp#27;[38;5;-120m[AndroidUiautomator2Driver@b270]&amp#27;[0m Matched '/status' to command name 'getStatus'
&amp#27;[38;5;167m[4d61b2ac]&amp#27;[0m&amp#27;[38;5;-120m[AndroidUiautomator2Driver@b270]&amp#27;[0m Proxying [GET /status] to [GET http://127.0.0.1:8200/status] with no body
&amp#27;[38;5;167m[4d61b2ac]&amp#27;[0m&amp#27;[38;5;-120m[AndroidUiautomator2Driver@b270]&amp#27;[0m socket hang up
&amp#27;[38;5;167m[4d61b2ac]&amp#27;[0m&amp#27;[38;5;-120m[AndroidUiautomator2Driver@b270]&amp#27;[0m Matched '/status' to command name 'getStatus'
&amp#27;[38;5;167m[4d61b2ac]&amp#27;[0m&amp#27;[38;5;-120m[AndroidUiautomator2Driver@b270]&amp#27;[0m Proxying [GET /status] to [GET http://127.0.0.1:8200/status] with no body
&amp#27;[38;5;167m[4d61b2ac]&amp#27;[0m&amp#27;[38;5;-120m[AndroidUiautomator2Driver@b270]&amp#27;[0m socket hang up
&amp#27;[38;5;167m[4d61b2ac]&amp#27;[0m&amp#27;[38;5;-120m[AndroidUiautomator2Driver@b270]&amp#27;[0m Matched '/status' to command name 'getStatus'
&amp#27;[38;5;167m[4d61b2ac]&amp#27;[0m&amp#27;[38;5;-120m[AndroidUiautomator2Driver@b270]&amp#27;[0m Proxying [GET /status] to [GET http://127.0.0.1:8200/status] with no body
&amp#27;[38;5;167m[4d61b2ac]&amp#27;[0m&amp#27;[38;5;-120m[AndroidUiautomator2Driver@b270]&amp#27;[0m socket hang up
&amp#27;[38;5;167m[4d61b2ac]&amp#27;[0m&amp#27;[38;5;-120m[AndroidUiautomator2Driver@b270]&amp#27;[0m Matched '/status' to command name 'getStatus'
&amp#27;[38;5;167m[4d61b2ac]&amp#27;[0m&amp#27;[38;5;-120m[AndroidUiautomator2Driver@b270]&amp#27;[0m Proxying [GET /status] to [GET http://127.0.0.1:8200/status] with no body
&amp#27;[38;5;167m[4d61b2ac]&amp#27;[0m&amp#27;[38;5;-120m[AndroidUiautomator2Driver@b270]&amp#27;[0m socket hang up
&amp#27;[38;5;167m[4d61b2ac]&amp#27;[0m&amp#27;[38;5;-120m[AndroidUiautomator2Driver@b270]&amp#27;[0m [Instrumentation] 
&amp#27;[38;5;167m[4d61b2ac]&amp#27;[0m&amp#27;[38;5;-120m[AndroidUiautomator2Driver@b270]&amp#27;[0m Matched '/status' to command name 'getStatus'
&amp#27;[38;5;167m[4d61b2ac]&amp#27;[0m&amp#27;[38;5;-120m[AndroidUiautomator2Driver@b270]&amp#27;[0m Proxying [GET /status] to [GET http://127.0.0.1:8200/status] with no body
&amp#27;[38;5;167m[4d61b2ac]&amp#27;[0m&amp#27;[38;5;-120m[AndroidUiautomator2Driver@b270]&amp#27;[0m socket hang up
&amp#27;[38;5;167m[4d61b2ac]&amp#27;[0m&amp#27;[38;5;-120m[AndroidUiautomator2Driver@b270]&amp#27;[0m Matched '/status' to command name 'getStatus'
&amp#27;[38;5;167m[4d61b2ac]&amp#27;[0m&amp#27;[38;5;-120m[AndroidUiautomator2Driver@b270]&amp#27;[0m Proxying [GET /status] to [GET http://127.0.0.1:8200/status] with no body
&amp#27;[38;5;167m[4d61b2ac]&amp#27;[0m&amp#27;[38;5;-120m[AndroidUiautomator2Driver@b270]&amp#27;[0m socket hang up
&amp#27;[38;5;167m[4d61b2ac]&amp#27;[0m&amp#27;[38;5;-120m[AndroidUiautomator2Driver@b270]&amp#27;[0m Matched '/status' to command name 'getStatus'
&amp#27;[38;5;167m[4d61b2ac]&amp#27;[0m&amp#27;[38;5;-120m[AndroidUiautomator2Driver@b270]&amp#27;[0m Proxying [GET /status] to [GET http://127.0.0.1:8200/status] with no body
&amp#27;[38;5;167m[4d61b2ac]&amp#27;[0m&amp#27;[38;5;-120m[AndroidUiautomator2Driver@b270]&amp#27;[0m Got response with status 200: {"sessionId":"None","value":{"message":"UiAutomator2 Server is ready to accept commands","ready":true}}
&amp#27;[38;5;167m[4d61b2ac]&amp#27;[0m&amp#27;[38;5;-120m[AndroidUiautomator2Driver@b270]&amp#27;[0m The initialization of the instrumentation process took 20857ms
&amp#27;[38;5;167m[4d61b2ac]&amp#27;[0m&amp#27;[38;5;-120m[AndroidUiautomator2Driver@b270]&amp#27;[0m Matched '/session' to command name 'createSession'
&amp#27;[38;5;167m[4d61b2ac]&amp#27;[0m&amp#27;[38;5;-120m[AndroidUiautomator2Driver@b270]&amp#27;[0m Proxying [POST /session] to [POST http://127.0.0.1:8200/session] with body: {"capabilities":{"firstMatch":[{"platformName":"ANDROID","chromedriverExecutable":"C:\\Users\\olamide.ige\\Downloads\\software\\appium\\chromeDriver133\\chromedriver.exe","deviceName":"emulator-5554","automationName":"UIAutomator2","app":"C:\\Users\\olamide.ige\\eclipse-workspace\\appiumTutorial\\src\\test\\java\\resources\\General-Store.apk","platform":"LINUX","webStorageEnabled":false,"takesScreenshot":true,"javascriptEnabled":true,"databaseEnabled":false,"networkConnectionEnabled":true,"locationContextEnabled":false,"warnings":{},"desired":{"platformName":"ANDROID","chromedriverExecutable":"C:\\Users\\olamide.ige\\Downloads\\software\\appium\\chromeDriver133\\chromedriver.exe","deviceName":"android pixel 3a","automationName":"UIAutomator2","app":"C:\\Users\\olamide.ige\\eclipse-workspace\\appiumTutorial\\src\\test\\java\\resources\\General-Store.apk"},"deviceUDID":"emulator-5554","appPackage":"com.androidsample.generalstore","appActivity":"com.androidsample.generalstore.SplashActivity"}],"alwaysMatch":{}}}
&amp#27;[38;5;167m[4d61b2ac]&amp#27;[0m&amp#27;[38;5;-120m[AndroidUiautomator2Driver@b270]&amp#27;[0m Got response with status 200: {"sessionId":"f9c3d272-12ec-48cf-9cf4-d6556c524551","value":{"capabilities":{"firstMatch":[{"platformName":"ANDROID","chromedriverExecutable":"C:\\Users\\olamide.ige\\Downloads\\software\\appium\\chromeDriver133\\chromedriver.exe","deviceName":"emulator-5554","automationName":"UIAutomator2","app":"C:\\Users\\olamide.ige\\eclipse-workspace\\appiumTutorial\\src\\test\\java\\resources\\General-Store.apk","platform":"LINUX","webStorageEnabled":false,"takesScreenshot":true,"javascriptEnabled":true,"databaseEnabled":false,"networkConnectionEnabled":true,"locationContextEnabled":false,"warnings":{},"desired":{"platformName":"ANDROID","chromedriverExecutable":"C:\\Users\\olamide.ige\\Downloads\\software\\appium\\chromeDriver133\\chromedriver.exe","deviceName":"android pixel 3a","automationName":"UIAutomator2","app":"C:\\Users\\olamide.ige\\eclipse-workspace\\appiumTutorial\\src\\test\\java\\resources\\General-Store.apk"},"deviceUDID":"emulator-5554","appPackage":"com.androidsample.generalstore","appActivity":"com....
&amp#27;[38;5;167m[4d61b2ac]&amp#27;[0m&amp#27;[38;5;-120m[AndroidUiautomator2Driver@b270]&amp#27;[0m Determined the downstream protocol as 'W3C'
&amp#27;[38;5;167m[4d61b2ac]&amp#27;[0m&amp#27;[38;5;-120m[AndroidUiautomator2Driver@b270]&amp#27;[0m Proxying [GET /appium/device/pixel_ratio] to [GET http://127.0.0.1:8200/session/f9c3d272-12ec-48cf-9cf4-d6556c524551/appium/device/pixel_ratio] with no body
&amp#27;[38;5;167m[4d61b2ac]&amp#27;[0m&amp#27;[38;5;-120m[AndroidUiautomator2Driver@b270]&amp#27;[0m Matched '/appium/device/system_bars' to command name 'getSystemBars'
&amp#27;[38;5;167m[4d61b2ac]&amp#27;[0m&amp#27;[38;5;-120m[AndroidUiautomator2Driver@b270]&amp#27;[0m Proxying [GET /appium/device/system_bars] to [GET http://127.0.0.1:8200/session/f9c3d272-12ec-48cf-9cf4-d6556c524551/appium/device/system_bars] with no body
&amp#27;[38;5;167m[4d61b2ac]&amp#27;[0m&amp#27;[38;5;-120m[AndroidUiautomator2Driver@b270]&amp#27;[0m Matched '/window/current/size' to command name 'getWindowSize'
&amp#27;[38;5;167m[4d61b2ac]&amp#27;[0m&amp#27;[38;5;-120m[AndroidUiautomator2Driver@b270]&amp#27;[0m Proxying [GET /window/current/size] to [GET http://127.0.0.1:8200/session/f9c3d272-12ec-48cf-9cf4-d6556c524551/window/current/size] with no body
&amp#27;[38;5;167m[4d61b2ac]&amp#27;[0m&amp#27;[38;5;-120m[AndroidUiautomator2Driver@b270]&amp#27;[0m Proxying [GET /appium/device/info] to [GET http://127.0.0.1:8200/session/f9c3d272-12ec-48cf-9cf4-d6556c524551/appium/device/info] with no body
&amp#27;[38;5;167m[4d61b2ac]&amp#27;[0m&amp#27;[38;5;229m[ADB]&amp#27;[0m Running 'C:\Users\olamide.ige\AppData\Local\Android\Sdk\platform-tools\adb.exe -P 5037 -s emulator-5554 shell dumpsys window'
&amp#27;[38;5;167m[4d61b2ac]&amp#27;[0m&amp#27;[38;5;229m[ADB]&amp#27;[0m Running 'C:\Users\olamide.ige\AppData\Local\Android\Sdk\platform-tools\adb.exe -P 5037 -s emulator-5554 shell dumpsys power'
&amp#27;[38;5;167m[4d61b2ac]&amp#27;[0m&amp#27;[38;5;-120m[AndroidUiautomator2Driver@b270]&amp#27;[0m Got response with status 200: {"sessionId":"f9c3d272-12ec-48cf-9cf4-d6556c524551","value":2.75}
&amp#27;[38;5;167m[4d61b2ac]&amp#27;[0m&amp#27;[38;5;-120m[AndroidUiautomator2Driver@b270]&amp#27;[0m Got response with status 200: {"sessionId":"f9c3d272-12ec-48cf-9cf4-d6556c524551","value":{"height":2220,"width":1080}}
&amp#27;[38;5;167m[4d61b2ac]&amp#27;[0m&amp#27;[38;5;-120m[AndroidUiautomator2Driver@b270]&amp#27;[0m Got response with status 200: {"sessionId":"f9c3d272-12ec-48cf-9cf4-d6556c524551","value":{"statusBar":66}}
&amp#27;[38;5;167m[4d61b2ac]&amp#27;[0m&amp#27;[38;5;-120m[AndroidUiautomator2Driver@b270]&amp#27;[0m Got response with status 200: {"sessionId":"f9c3d272-12ec-48cf-9cf4-d6556c524551","value":{"androidId":"351b7cdeaf6a2926","apiVersion":"36","bluetooth":{"state":"ON"},"brand":"google","carrierName":"T-Mobile","displayDensity":440,"locale":"en_US","manufacturer":"Google","model":"sdk_gphone64_x86_64","networks":[{"capabilities":{"SSID":null,"linkDownBandwidthKbps":145000,"linkUpstreamBandwidthKbps":60000,"networkCapabilities":"NET_CAPABILITY_MMS,NET_CAPABILITY_SUPL,NET_CAPABILITY_DUN,NET_CAPABILITY_FOTA,NET_CAPABILITY_IMS,NET_CAPABILITY_CBS,NET_CAPABILITY_INTERNET,NET_CAPABILITY_NOT_RESTRICTED,NET_CAPABILITY_TRUSTED,NET_CAPABILITY_NOT_VPN,NET_CAPABILITY_NOT_ROAMING,NET_CAPABILITY_FOREGROUND,NET_CAPABILITY_NOT_CONGESTED,NET_CAPABILITY_NOT_SUSPENDED","signalStrength":-2147483648,"transportTypes":"TRANSPORT_CELLULAR"},"detailedState":"CONNECTED","extraInfo":"epc.tmobile.com","isAvailable":true,"isConnected":true,"isFailover":false,"isRoaming":false,"state":"CONNECTED","subtype":20,"subtypeName":"NR","type":0,"typeName":"MOBILE"}],"platform...
&amp#27;[38;5;167m[4d61b2ac]&amp#27;[0m&amp#27;[38;5;-120m[AndroidUiautomator2Driver@b270]&amp#27;[0m Screen already unlocked, doing nothing
&amp#27;[38;5;167m[4d61b2ac]&amp#27;[0m&amp#27;[38;5;-120m[AndroidUiautomator2Driver@b270]&amp#27;[0m Starting 'com.androidsample.generalstore/com.androidsample.generalstore.SplashActivity' and waiting for 'com.androidsample.generalstore/com.androidsample.generalstore.SplashActivity'
&amp#27;[38;5;167m[4d61b2ac]&amp#27;[0m&amp#27;[38;5;229m[ADB]&amp#27;[0m Running 'C:\Users\olamide.ige\AppData\Local\Android\Sdk\platform-tools\adb.exe -P 5037 -s emulator-5554 shell am start-activity -W -n com.androidsample.generalstore/com.androidsample.generalstore.SplashActivity -S -a android.intent.action.MAIN -c android.intent.category.LAUNCHER -f 0x10200000'
&amp#27;[38;5;167m[4d61b2ac]&amp#27;[0m&amp#27;[38;5;229m[ADB]&amp#27;[0m Expected package names to be focused within 20000ms: 'com.androidsample.generalstore'
&amp#27;[38;5;167m[4d61b2ac]&amp#27;[0m&amp#27;[38;5;229m[ADB]&amp#27;[0m Expected activity name patterns to be focused within 20000ms: '/^com\.androidsample\.generalstore\.SplashActivity$/'
&amp#27;[38;5;167m[4d61b2ac]&amp#27;[0m&amp#27;[38;5;229m[ADB]&amp#27;[0m Getting focused package and activity
&amp#27;[38;5;167m[4d61b2ac]&amp#27;[0m&amp#27;[38;5;229m[ADB]&amp#27;[0m Running 'C:\Users\olamide.ige\AppData\Local\Android\Sdk\platform-tools\adb.exe -P 5037 -s emulator-5554 shell dumpsys window displays'
&amp#27;[38;5;167m[4d61b2ac]&amp#27;[0m&amp#27;[38;5;229m[ADB]&amp#27;[0m Focused package: com.androidsample.generalstore
&amp#27;[38;5;167m[4d61b2ac]&amp#27;[0m&amp#27;[38;5;229m[ADB]&amp#27;[0m Focused fully qualified activity name: com.androidsample.generalstore.SplashActivity
&amp#27;[38;5;167m[4d61b2ac]&amp#27;[0m&amp#27;[38;5;129m[AppiumDriver@a987]&amp#27;[0m New AndroidUiautomator2Driver session created successfully, session 4d61b2ac-7488-4e5f-acb6-de3d9a0fded5 added to master session list
&amp#27;[38;5;167m[4d61b2ac]&amp#27;[0m&amp#27;[38;5;129m[AppiumDriver@a987]&amp#27;[0m Event 'newSessionStarted' logged at 1752356238702 (22:37:18 GMT+0100 (West Africa Standard Time))
&amp#27;[38;5;167m[4d61b2ac]&amp#27;[0m&amp#27;[38;5;-120m[AndroidUiautomator2Driver@b270]&amp#27;[0m Cached the protocol value 'W3C' for the new session 4d61b2ac-7488-4e5f-acb6-de3d9a0fded5
&amp#27;[38;5;167m[4d61b2ac]&amp#27;[0m&amp#27;[38;5;-120m[AndroidUiautomator2Driver@b270]&amp#27;[0m Responding to client with driver.createSession() result: {"capabilities":{"platformName":"ANDROID","chromedriverExecutable":"C:\\Users\\olamide.ige\\Downloads\\software\\appium\\chromeDriver133\\chromedriver.exe","deviceName":"emulator-5554","automationName":"UIAutomator2","app":"C:\\Users\\olamide.ige\\eclipse-workspace\\appiumTutorial\\src\\test\\java\\resources\\General-Store.apk","platform":"LINUX","webStorageEnabled":false,"takesScreenshot":true,"javascriptEnabled":true,"databaseEnabled":false,"networkConnectionEnabled":true,"locationContextEnabled":false,"warnings":{},"desired":{"platformName":"ANDROID","chromedriverExecutable":"C:\\Users\\olamide.ige\\Downloads\\software\\appium\\chromeDriver133\\chromedriver.exe","deviceName":"android pixel 3a","automationName":"UIAutomator2","app":"C:\\Users\\olamide.ige\\eclipse-workspace\\appiumTutorial\\src\\test\\java\\resources\\General-Store.apk"},"deviceUDID":"emulator-5554","appPackage":"com.androidsample.generalstore","appActivity":"com.androidsample.generalstore.SplashActivity","pixelRatio":"2.75","statBarHeig...
&amp#27;[38;5;167m[4d61b2ac]&amp#27;[0m&amp#27;[38;5;86m[HTTP]&amp#27;[0m &amp#27;[37m<-- POST /session &amp#27;[39m&amp#27;[32m200&amp#27;[39m &amp#27;[90m38265 ms - 1318&amp#27;[39m &amp#27;[90m&amp#27;[39m
&amp#27;[38;5;167m[4d61b2ac]&amp#27;[0m&amp#27;[38;5;86m[HTTP]&amp#27;[0m &amp#27;[37m-->&amp#27;[39m &amp#27;[37mPOST&amp#27;[39m &amp#27;[37m/session/4d61b2ac-7488-4e5f-acb6-de3d9a0fded5/timeouts&amp#27;[39m &amp#27;[90m{"implicit":10000}&amp#27;[39m
&amp#27;[38;5;167m[4d61b2ac]&amp#27;[0m&amp#27;[38;5;-120m[AndroidUiautomator2Driver@b270]&amp#27;[0m Calling AppiumDriver.timeouts() with args: [null,null,null,null,10000,"4d61b2ac-7488-4e5f-acb6-de3d9a0fded5"]
&amp#27;[38;5;167m[4d61b2ac]&amp#27;[0m&amp#27;[38;5;-120m[AndroidUiautomator2Driver@b270]&amp#27;[0m W3C timeout argument: {"implicit":10000}}
&amp#27;[38;5;167m[4d61b2ac]&amp#27;[0m&amp#27;[38;5;-120m[AndroidUiautomator2Driver@b270]&amp#27;[0m Set implicit wait to 10000ms
&amp#27;[38;5;167m[4d61b2ac]&amp#27;[0m&amp#27;[38;5;-120m[AndroidUiautomator2Driver@b270]&amp#27;[0m Responding to client with driver.timeouts() result: null
&amp#27;[38;5;167m[4d61b2ac]&amp#27;[0m&amp#27;[38;5;86m[HTTP]&amp#27;[0m &amp#27;[37m<-- POST /session/4d61b2ac-7488-4e5f-acb6-de3d9a0fded5/timeouts &amp#27;[39m&amp#27;[32m200&amp#27;[39m &amp#27;[90m4 ms - 14&amp#27;[39m &amp#27;[90m&amp#27;[39m
&amp#27;[38;5;167m[4d61b2ac]&amp#27;[0m&amp#27;[38;5;86m[HTTP]&amp#27;[0m &amp#27;[37m-->&amp#27;[39m &amp#27;[37mPOST&amp#27;[39m &amp#27;[37m/session/4d61b2ac-7488-4e5f-acb6-de3d9a0fded5/execute/sync&amp#27;[39m &amp#27;[90m{"args":[{"appId":"com.androidsample.generalstore","bundleId":"com.androidsample.generalstore"}],"script":"mobile: terminateApp"}&amp#27;[39m
&amp#27;[38;5;167m[4d61b2ac]&amp#27;[0m&amp#27;[38;5;-120m[AndroidUiautomator2Driver@b270]&amp#27;[0m Calling AppiumDriver.execute() with args: ["mobile: terminateApp",[{"appId":"com.androidsample.generalstore","bundleId":"com.androidsample.generalstore"}],"4d61b2ac-7488-4e5f-acb6-de3d9a0fded5"]
&amp#27;[38;5;167m[4d61b2ac]&amp#27;[0m&amp#27;[38;5;123m[BaseDriver]&amp#27;[0m The following script arguments are not known and will be ignored: bundleId
&amp#27;[38;5;167m[4d61b2ac]&amp#27;[0m&amp#27;[38;5;-120m[AndroidUiautomator2Driver@b270]&amp#27;[0m Terminating 'com.androidsample.generalstore'
&amp#27;[38;5;167m[4d61b2ac]&amp#27;[0m&amp#27;[38;5;229m[ADB]&amp#27;[0m Getting IDs of all 'com.androidsample.generalstore' processes
&amp#27;[38;5;167m[4d61b2ac]&amp#27;[0m&amp#27;[38;5;229m[ADB]&amp#27;[0m Running 'C:\Users\olamide.ige\AppData\Local\Android\Sdk\platform-tools\adb.exe -P 5037 -s emulator-5554 shell 'pgrep --help; echo $?''
&amp#27;[38;5;167m[4d61b2ac]&amp#27;[0m&amp#27;[38;5;229m[ADB]&amp#27;[0m Running 'C:\Users\olamide.ige\AppData\Local\Android\Sdk\platform-tools\adb.exe -P 5037 -s emulator-5554 shell pgrep -f \(\[\[:blank:\]\]\|\^\)com\.androidsample\.generalstore\(:\[a-zA-Z0-9_-\]\+\)\?\(\[\[:blank:\]\]\|\$\)'
&amp#27;[38;5;167m[4d61b2ac]&amp#27;[0m&amp#27;[38;5;229m[ADB]&amp#27;[0m Running 'C:\Users\olamide.ige\AppData\Local\Android\Sdk\platform-tools\adb.exe -P 5037 -s emulator-5554 shell am force-stop com.androidsample.generalstore'
&amp#27;[38;5;167m[4d61b2ac]&amp#27;[0m&amp#27;[38;5;-120m[AndroidUiautomator2Driver@b270]&amp#27;[0m Querying the state of 'com.androidsample.generalstore'
&amp#27;[38;5;167m[4d61b2ac]&amp#27;[0m&amp#27;[38;5;229m[ADB]&amp#27;[0m Getting install status for com.androidsample.generalstore
&amp#27;[38;5;167m[4d61b2ac]&amp#27;[0m&amp#27;[38;5;229m[ADB]&amp#27;[0m Running 'C:\Users\olamide.ige\AppData\Local\Android\Sdk\platform-tools\adb.exe -P 5037 -s emulator-5554 shell cmd package list packages'
&amp#27;[38;5;167m[4d61b2ac]&amp#27;[0m&amp#27;[38;5;229m[ADB]&amp#27;[0m 'com.androidsample.generalstore' is installed
&amp#27;[38;5;167m[4d61b2ac]&amp#27;[0m&amp#27;[38;5;229m[ADB]&amp#27;[0m Getting IDs of all 'com.androidsample.generalstore' processes
&amp#27;[38;5;167m[4d61b2ac]&amp#27;[0m&amp#27;[38;5;229m[ADB]&amp#27;[0m Running 'C:\Users\olamide.ige\AppData\Local\Android\Sdk\platform-tools\adb.exe -P 5037 -s emulator-5554 shell pgrep -f \(\[\[:blank:\]\]\|\^\)com\.androidsample\.generalstore\(:\[a-zA-Z0-9_-\]\+\)\?\(\[\[:blank:\]\]\|\$\)'
&amp#27;[38;5;167m[4d61b2ac]&amp#27;[0m&amp#27;[38;5;-120m[AndroidUiautomator2Driver@b270]&amp#27;[0m 'com.androidsample.generalstore' has been successfully terminated
&amp#27;[38;5;167m[4d61b2ac]&amp#27;[0m&amp#27;[38;5;-120m[AndroidUiautomator2Driver@b270]&amp#27;[0m Responding to client with driver.execute() result: true
&amp#27;[38;5;167m[4d61b2ac]&amp#27;[0m&amp#27;[38;5;86m[HTTP]&amp#27;[0m &amp#27;[37m<-- POST /session/4d61b2ac-7488-4e5f-acb6-de3d9a0fded5/execute/sync &amp#27;[39m&amp#27;[32m200&amp#27;[39m &amp#27;[90m1111 ms - 14&amp#27;[39m &amp#27;[90m&amp#27;[39m
&amp#27;[38;5;167m[4d61b2ac]&amp#27;[0m&amp#27;[38;5;86m[HTTP]&amp#27;[0m &amp#27;[37m-->&amp#27;[39m &amp#27;[37mPOST&amp#27;[39m &amp#27;[37m/session/4d61b2ac-7488-4e5f-acb6-de3d9a0fded5/execute/sync&amp#27;[39m &amp#27;[90m{"args":[{"appId":"com.androidsample.generalstore","bundleId":"com.androidsample.generalstore"}],"script":"mobile: activateApp"}&amp#27;[39m
&amp#27;[38;5;167m[4d61b2ac]&amp#27;[0m&amp#27;[38;5;-120m[AndroidUiautomator2Driver@b270]&amp#27;[0m Calling AppiumDriver.execute() with args: ["mobile: activateApp",[{"appId":"com.androidsample.generalstore","bundleId":"com.androidsample.generalstore"}],"4d61b2ac-7488-4e5f-acb6-de3d9a0fded5"]
&amp#27;[38;5;167m[4d61b2ac]&amp#27;[0m&amp#27;[38;5;123m[BaseDriver]&amp#27;[0m The following script arguments are not known and will be ignored: bundleId
&amp#27;[38;5;167m[4d61b2ac]&amp#27;[0m&amp#27;[38;5;229m[ADB]&amp#27;[0m Activating 'com.androidsample.generalstore'
&amp#27;[38;5;167m[4d61b2ac]&amp#27;[0m&amp#27;[38;5;229m[ADB]&amp#27;[0m Running 'C:\Users\olamide.ige\AppData\Local\Android\Sdk\platform-tools\adb.exe -P 5037 -s emulator-5554 shell cmd package resolve-activity --brief com.androidsample.generalstore'
&amp#27;[38;5;167m[4d61b2ac]&amp#27;[0m&amp#27;[38;5;229m[ADB]&amp#27;[0m Running 'C:\Users\olamide.ige\AppData\Local\Android\Sdk\platform-tools\adb.exe -P 5037 -s emulator-5554 shell am start-activity -a android.intent.action.MAIN -c android.intent.category.LAUNCHER -f 0x10200000 -n com.androidsample.generalstore/.SplashActivity'
&amp#27;[38;5;167m[4d61b2ac]&amp#27;[0m&amp#27;[38;5;229m[ADB]&amp#27;[0m Starting: Intent { act=android.intent.action.MAIN cat=[android.intent.category.LAUNCHER] flg=0x10200000 cmp=com.androidsample.generalstore/.SplashActivity }
&amp#27;[38;5;167m[4d61b2ac]&amp#27;[0m&amp#27;[38;5;-120m[AndroidUiautomator2Driver@b270]&amp#27;[0m Responding to client with driver.execute() result: null
&amp#27;[38;5;167m[4d61b2ac]&amp#27;[0m&amp#27;[38;5;86m[HTTP]&amp#27;[0m &amp#27;[37m<-- POST /session/4d61b2ac-7488-4e5f-acb6-de3d9a0fded5/execute/sync &amp#27;[39m&amp#27;[32m200&amp#27;[39m &amp#27;[90m918 ms - 14&amp#27;[39m &amp#27;[90m&amp#27;[39m
&amp#27;[38;5;167m[4d61b2ac]&amp#27;[0m&amp#27;[38;5;86m[HTTP]&amp#27;[0m &amp#27;[37m-->&amp#27;[39m &amp#27;[37mGET&amp#27;[39m &amp#27;[37m/session/4d61b2ac-7488-4e5f-acb6-de3d9a0fded5/context&amp#27;[39m &amp#27;[90m{}&amp#27;[39m
&amp#27;[38;5;167m[4d61b2ac]&amp#27;[0m&amp#27;[38;5;-120m[AndroidUiautomator2Driver@b270]&amp#27;[0m Calling AppiumDriver.getCurrentContext() with args: ["4d61b2ac-7488-4e5f-acb6-de3d9a0fded5"]
&amp#27;[38;5;167m[4d61b2ac]&amp#27;[0m&amp#27;[38;5;-120m[AndroidUiautomator2Driver@b270]&amp#27;[0m Responding to client with driver.getCurrentContext() result: "NATIVE_APP"
&amp#27;[38;5;167m[4d61b2ac]&amp#27;[0m&amp#27;[38;5;86m[HTTP]&amp#27;[0m &amp#27;[37m<-- GET /session/4d61b2ac-7488-4e5f-acb6-de3d9a0fded5/context &amp#27;[39m&amp#27;[32m200&amp#27;[39m &amp#27;[90m3 ms - 22&amp#27;[39m &amp#27;[90m&amp#27;[39m
&amp#27;[38;5;167m[4d61b2ac]&amp#27;[0m&amp#27;[38;5;86m[HTTP]&amp#27;[0m &amp#27;[37m-->&amp#27;[39m &amp#27;[37mPOST&amp#27;[39m &amp#27;[37m/session/4d61b2ac-7488-4e5f-acb6-de3d9a0fded5/element&amp#27;[39m &amp#27;[90m{"using":"id","value":"android:id/text1"}&amp#27;[39m
&amp#27;[38;5;167m[4d61b2ac]&amp#27;[0m&amp#27;[38;5;-120m[AndroidUiautomator2Driver@b270]&amp#27;[0m Calling AppiumDriver.findElement() with args: ["id","android:id/text1","4d61b2ac-7488-4e5f-acb6-de3d9a0fded5"]
&amp#27;[38;5;167m[4d61b2ac]&amp#27;[0m&amp#27;[38;5;-120m[AndroidUiautomator2Driver@b270]&amp#27;[0m Valid locator strategies for this request: xpath, id, class name, accessibility id, css selector, -android uiautomator
&amp#27;[38;5;167m[4d61b2ac]&amp#27;[0m&amp#27;[38;5;-120m[AndroidUiautomator2Driver@b270]&amp#27;[0m Waiting up to 10000 ms for condition
&amp#27;[38;5;167m[4d61b2ac]&amp#27;[0m&amp#27;[38;5;-120m[AndroidUiautomator2Driver@b270]&amp#27;[0m Matched '/element' to command name 'findElement'
&amp#27;[38;5;167m[4d61b2ac]&amp#27;[0m&amp#27;[38;5;-120m[AndroidUiautomator2Driver@b270]&amp#27;[0m Proxying [POST /element] to [POST http://127.0.0.1:8200/session/f9c3d272-12ec-48cf-9cf4-d6556c524551/element] with body: {"strategy":"id","selector":"android:id/text1","context":"","multiple":false}
&amp#27;[38;5;167m[4d61b2ac]&amp#27;[0m&amp#27;[38;5;-120m[AndroidUiautomator2Driver@b270]&amp#27;[0m Got response with status 404: {"sessionId":"f9c3d272-12ec-48cf-9cf4-d6556c524551","value":{"error":"no such element","message":"An element could not be located on the page using the given search parameters","stacktrace":"io.appium.uiautomator2.common.exceptions.ElementNotFoundException: An element could not be located on the page using the given search parameters\n\tat io.appium.uiautomator2.handler.FindElement.safeHandle(FindElement.java:63)\n\tat io.appium.uiautomator2.handler.request.SafeRequestHandler.handle(SafeRequestHandler.java:59)\n\tat io.appium.uiautomator2.server.AppiumServlet.handleRequest(AppiumServlet.java:259)\n\tat io.appium.uiautomator2.server.AppiumServlet.handleHttpRequest(AppiumServlet.java:253)\n\tat io.appium.uiautomator2.http.ServerHandler.channelRead(ServerHandler.java:77)\n\tat io.netty.channel.AbstractChannelHandlerContext.invokeChannelRead(AbstractChannelHandlerContext.java:374)\n\tat io.netty.channel.AbstractChannelHandlerContext.invokeChannelRead(AbstractChannelHandlerContext.java:360)\n\tat io.netty.chann...
&amp#27;[38;5;167m[4d61b2ac]&amp#27;[0m&amp#27;[38;5;123m[W3C]&amp#27;[0m Matched W3C error code 'no such element' to NoSuchElementError
&amp#27;[38;5;167m[4d61b2ac]&amp#27;[0m&amp#27;[38;5;-120m[AndroidUiautomator2Driver@b270]&amp#27;[0m Waited for 508 ms so far
&amp#27;[38;5;167m[4d61b2ac]&amp#27;[0m&amp#27;[38;5;-120m[AndroidUiautomator2Driver@b270]&amp#27;[0m Matched '/element' to command name 'findElement'
&amp#27;[38;5;167m[4d61b2ac]&amp#27;[0m&amp#27;[38;5;-120m[AndroidUiautomator2Driver@b270]&amp#27;[0m Proxying [POST /element] to [POST http://127.0.0.1:8200/session/f9c3d272-12ec-48cf-9cf4-d6556c524551/element] with body: {"strategy":"id","selector":"android:id/text1","context":"","multiple":false}
&amp#27;[38;5;167m[4d61b2ac]&amp#27;[0m&amp#27;[38;5;-120m[AndroidUiautomator2Driver@b270]&amp#27;[0m Got response with status 404: {"sessionId":"f9c3d272-12ec-48cf-9cf4-d6556c524551","value":{"error":"no such element","message":"An element could not be located on the page using the given search parameters","stacktrace":"io.appium.uiautomator2.common.exceptions.ElementNotFoundException: An element could not be located on the page using the given search parameters\n\tat io.appium.uiautomator2.handler.FindElement.safeHandle(FindElement.java:63)\n\tat io.appium.uiautomator2.handler.request.SafeRequestHandler.handle(SafeRequestHandler.java:59)\n\tat io.appium.uiautomator2.server.AppiumServlet.handleRequest(AppiumServlet.java:259)\n\tat io.appium.uiautomator2.server.AppiumServlet.handleHttpRequest(AppiumServlet.java:253)\n\tat io.appium.uiautomator2.http.ServerHandler.channelRead(ServerHandler.java:77)\n\tat io.netty.channel.AbstractChannelHandlerContext.invokeChannelRead(AbstractChannelHandlerContext.java:374)\n\tat io.netty.channel.AbstractChannelHandlerContext.invokeChannelRead(AbstractChannelHandlerContext.java:360)\n\tat io.netty.chann...
&amp#27;[38;5;167m[4d61b2ac]&amp#27;[0m&amp#27;[38;5;123m[W3C]&amp#27;[0m Matched W3C error code 'no such element' to NoSuchElementError
&amp#27;[38;5;167m[4d61b2ac]&amp#27;[0m&amp#27;[38;5;-120m[AndroidUiautomator2Driver@b270]&amp#27;[0m Waited for 1385 ms so far
&amp#27;[38;5;167m[4d61b2ac]&amp#27;[0m&amp#27;[38;5;-120m[AndroidUiautomator2Driver@b270]&amp#27;[0m Matched '/element' to command name 'findElement'
&amp#27;[38;5;167m[4d61b2ac]&amp#27;[0m&amp#27;[38;5;-120m[AndroidUiautomator2Driver@b270]&amp#27;[0m Proxying [POST /element] to [POST http://127.0.0.1:8200/session/f9c3d272-12ec-48cf-9cf4-d6556c524551/element] with body: {"strategy":"id","selector":"android:id/text1","context":"","multiple":false}
&amp#27;[38;5;167m[4d61b2ac]&amp#27;[0m&amp#27;[38;5;-120m[AndroidUiautomator2Driver@b270]&amp#27;[0m Got response with status 404: {"sessionId":"f9c3d272-12ec-48cf-9cf4-d6556c524551","value":{"error":"no such element","message":"An element could not be located on the page using the given search parameters","stacktrace":"io.appium.uiautomator2.common.exceptions.ElementNotFoundException: An element could not be located on the page using the given search parameters\n\tat io.appium.uiautomator2.handler.FindElement.safeHandle(FindElement.java:63)\n\tat io.appium.uiautomator2.handler.request.SafeRequestHandler.handle(SafeRequestHandler.java:59)\n\tat io.appium.uiautomator2.server.AppiumServlet.handleRequest(AppiumServlet.java:259)\n\tat io.appium.uiautomator2.server.AppiumServlet.handleHttpRequest(AppiumServlet.java:253)\n\tat io.appium.uiautomator2.http.ServerHandler.channelRead(ServerHandler.java:77)\n\tat io.netty.channel.AbstractChannelHandlerContext.invokeChannelRead(AbstractChannelHandlerContext.java:374)\n\tat io.netty.channel.AbstractChannelHandlerContext.invokeChannelRead(AbstractChannelHandlerContext.java:360)\n\tat io.netty.chann...
&amp#27;[38;5;167m[4d61b2ac]&amp#27;[0m&amp#27;[38;5;123m[W3C]&amp#27;[0m Matched W3C error code 'no such element' to NoSuchElementError
&amp#27;[38;5;167m[4d61b2ac]&amp#27;[0m&amp#27;[38;5;-120m[AndroidUiautomator2Driver@b270]&amp#27;[0m Waited for 2113 ms so far
&amp#27;[38;5;167m[4d61b2ac]&amp#27;[0m&amp#27;[38;5;-120m[AndroidUiautomator2Driver@b270]&amp#27;[0m Matched '/element' to command name 'findElement'
&amp#27;[38;5;167m[4d61b2ac]&amp#27;[0m&amp#27;[38;5;-120m[AndroidUiautomator2Driver@b270]&amp#27;[0m Proxying [POST /element] to [POST http://127.0.0.1:8200/session/f9c3d272-12ec-48cf-9cf4-d6556c524551/element] with body: {"strategy":"id","selector":"android:id/text1","context":"","multiple":false}
&amp#27;[38;5;167m[4d61b2ac]&amp#27;[0m&amp#27;[38;5;-120m[AndroidUiautomator2Driver@b270]&amp#27;[0m Got response with status 404: {"sessionId":"f9c3d272-12ec-48cf-9cf4-d6556c524551","value":{"error":"no such element","message":"An element could not be located on the page using the given search parameters","stacktrace":"io.appium.uiautomator2.common.exceptions.ElementNotFoundException: An element could not be located on the page using the given search parameters\n\tat io.appium.uiautomator2.handler.FindElement.safeHandle(FindElement.java:63)\n\tat io.appium.uiautomator2.handler.request.SafeRequestHandler.handle(SafeRequestHandler.java:59)\n\tat io.appium.uiautomator2.server.AppiumServlet.handleRequest(AppiumServlet.java:259)\n\tat io.appium.uiautomator2.server.AppiumServlet.handleHttpRequest(AppiumServlet.java:253)\n\tat io.appium.uiautomator2.http.ServerHandler.channelRead(ServerHandler.java:77)\n\tat io.netty.channel.AbstractChannelHandlerContext.invokeChannelRead(AbstractChannelHandlerContext.java:374)\n\tat io.netty.channel.AbstractChannelHandlerContext.invokeChannelRead(AbstractChannelHandlerContext.java:360)\n\tat io.netty.chann...
&amp#27;[38;5;167m[4d61b2ac]&amp#27;[0m&amp#27;[38;5;123m[W3C]&amp#27;[0m Matched W3C error code 'no such element' to NoSuchElementError
&amp#27;[38;5;167m[4d61b2ac]&amp#27;[0m&amp#27;[38;5;-120m[AndroidUiautomator2Driver@b270]&amp#27;[0m Waited for 2780 ms so far
&amp#27;[38;5;167m[4d61b2ac]&amp#27;[0m&amp#27;[38;5;-120m[AndroidUiautomator2Driver@b270]&amp#27;[0m Matched '/element' to command name 'findElement'
&amp#27;[38;5;167m[4d61b2ac]&amp#27;[0m&amp#27;[38;5;-120m[AndroidUiautomator2Driver@b270]&amp#27;[0m Proxying [POST /element] to [POST http://127.0.0.1:8200/session/f9c3d272-12ec-48cf-9cf4-d6556c524551/element] with body: {"strategy":"id","selector":"android:id/text1","context":"","multiple":false}
&amp#27;[38;5;167m[4d61b2ac]&amp#27;[0m&amp#27;[38;5;-120m[AndroidUiautomator2Driver@b270]&amp#27;[0m Got response with status 404: {"sessionId":"f9c3d272-12ec-48cf-9cf4-d6556c524551","value":{"error":"no such element","message":"An element could not be located on the page using the given search parameters","stacktrace":"io.appium.uiautomator2.common.exceptions.ElementNotFoundException: An element could not be located on the page using the given search parameters\n\tat io.appium.uiautomator2.handler.FindElement.safeHandle(FindElement.java:63)\n\tat io.appium.uiautomator2.handler.request.SafeRequestHandler.handle(SafeRequestHandler.java:59)\n\tat io.appium.uiautomator2.server.AppiumServlet.handleRequest(AppiumServlet.java:259)\n\tat io.appium.uiautomator2.server.AppiumServlet.handleHttpRequest(AppiumServlet.java:253)\n\tat io.appium.uiautomator2.http.ServerHandler.channelRead(ServerHandler.java:77)\n\tat io.netty.channel.AbstractChannelHandlerContext.invokeChannelRead(AbstractChannelHandlerContext.java:374)\n\tat io.netty.channel.AbstractChannelHandlerContext.invokeChannelRead(AbstractChannelHandlerContext.java:360)\n\tat io.netty.chann...
&amp#27;[38;5;167m[4d61b2ac]&amp#27;[0m&amp#27;[38;5;123m[W3C]&amp#27;[0m Matched W3C error code 'no such element' to NoSuchElementError
&amp#27;[38;5;167m[4d61b2ac]&amp#27;[0m&amp#27;[38;5;-120m[AndroidUiautomator2Driver@b270]&amp#27;[0m Waited for 3592 ms so far
&amp#27;[38;5;167m[4d61b2ac]&amp#27;[0m&amp#27;[38;5;-120m[AndroidUiautomator2Driver@b270]&amp#27;[0m Matched '/element' to command name 'findElement'
&amp#27;[38;5;167m[4d61b2ac]&amp#27;[0m&amp#27;[38;5;-120m[AndroidUiautomator2Driver@b270]&amp#27;[0m Proxying [POST /element] to [POST http://127.0.0.1:8200/session/f9c3d272-12ec-48cf-9cf4-d6556c524551/element] with body: {"strategy":"id","selector":"android:id/text1","context":"","multiple":false}
&amp#27;[38;5;167m[4d61b2ac]&amp#27;[0m&amp#27;[38;5;-120m[AndroidUiautomator2Driver@b270]&amp#27;[0m Got response with status 404: {"sessionId":"f9c3d272-12ec-48cf-9cf4-d6556c524551","value":{"error":"no such element","message":"An element could not be located on the page using the given search parameters","stacktrace":"io.appium.uiautomator2.common.exceptions.ElementNotFoundException: An element could not be located on the page using the given search parameters\n\tat io.appium.uiautomator2.handler.FindElement.safeHandle(FindElement.java:63)\n\tat io.appium.uiautomator2.handler.request.SafeRequestHandler.handle(SafeRequestHandler.java:59)\n\tat io.appium.uiautomator2.server.AppiumServlet.handleRequest(AppiumServlet.java:259)\n\tat io.appium.uiautomator2.server.AppiumServlet.handleHttpRequest(AppiumServlet.java:253)\n\tat io.appium.uiautomator2.http.ServerHandler.channelRead(ServerHandler.java:77)\n\tat io.netty.channel.AbstractChannelHandlerContext.invokeChannelRead(AbstractChannelHandlerContext.java:374)\n\tat io.netty.channel.AbstractChannelHandlerContext.invokeChannelRead(AbstractChannelHandlerContext.java:360)\n\tat io.netty.chann...
&amp#27;[38;5;167m[4d61b2ac]&amp#27;[0m&amp#27;[38;5;123m[W3C]&amp#27;[0m Matched W3C error code 'no such element' to NoSuchElementError
&amp#27;[38;5;167m[4d61b2ac]&amp#27;[0m&amp#27;[38;5;-120m[AndroidUiautomator2Driver@b270]&amp#27;[0m Waited for 4323 ms so far
&amp#27;[38;5;167m[4d61b2ac]&amp#27;[0m&amp#27;[38;5;-120m[AndroidUiautomator2Driver@b270]&amp#27;[0m Matched '/element' to command name 'findElement'
&amp#27;[38;5;167m[4d61b2ac]&amp#27;[0m&amp#27;[38;5;-120m[AndroidUiautomator2Driver@b270]&amp#27;[0m Proxying [POST /element] to [POST http://127.0.0.1:8200/session/f9c3d272-12ec-48cf-9cf4-d6556c524551/element] with body: {"strategy":"id","selector":"android:id/text1","context":"","multiple":false}
&amp#27;[38;5;167m[4d61b2ac]&amp#27;[0m&amp#27;[38;5;-120m[AndroidUiautomator2Driver@b270]&amp#27;[0m Got response with status 404: {"sessionId":"f9c3d272-12ec-48cf-9cf4-d6556c524551","value":{"error":"no such element","message":"An element could not be located on the page using the given search parameters","stacktrace":"io.appium.uiautomator2.common.exceptions.ElementNotFoundException: An element could not be located on the page using the given search parameters\n\tat io.appium.uiautomator2.handler.FindElement.safeHandle(FindElement.java:63)\n\tat io.appium.uiautomator2.handler.request.SafeRequestHandler.handle(SafeRequestHandler.java:59)\n\tat io.appium.uiautomator2.server.AppiumServlet.handleRequest(AppiumServlet.java:259)\n\tat io.appium.uiautomator2.server.AppiumServlet.handleHttpRequest(AppiumServlet.java:253)\n\tat io.appium.uiautomator2.http.ServerHandler.channelRead(ServerHandler.java:77)\n\tat io.netty.channel.AbstractChannelHandlerContext.invokeChannelRead(AbstractChannelHandlerContext.java:374)\n\tat io.netty.channel.AbstractChannelHandlerContext.invokeChannelRead(AbstractChannelHandlerContext.java:360)\n\tat io.netty.chann...
&amp#27;[38;5;167m[4d61b2ac]&amp#27;[0m&amp#27;[38;5;123m[W3C]&amp#27;[0m Matched W3C error code 'no such element' to NoSuchElementError
&amp#27;[38;5;167m[4d61b2ac]&amp#27;[0m&amp#27;[38;5;-120m[AndroidUiautomator2Driver@b270]&amp#27;[0m Waited for 5411 ms so far
&amp#27;[38;5;167m[4d61b2ac]&amp#27;[0m&amp#27;[38;5;-120m[AndroidUiautomator2Driver@b270]&amp#27;[0m Matched '/element' to command name 'findElement'
&amp#27;[38;5;167m[4d61b2ac]&amp#27;[0m&amp#27;[38;5;-120m[AndroidUiautomator2Driver@b270]&amp#27;[0m Proxying [POST /element] to [POST http://127.0.0.1:8200/session/f9c3d272-12ec-48cf-9cf4-d6556c524551/element] with body: {"strategy":"id","selector":"android:id/text1","context":"","multiple":false}
&amp#27;[38;5;167m[4d61b2ac]&amp#27;[0m&amp#27;[38;5;-120m[AndroidUiautomator2Driver@b270]&amp#27;[0m Got response with status 404: {"sessionId":"f9c3d272-12ec-48cf-9cf4-d6556c524551","value":{"error":"no such element","message":"An element could not be located on the page using the given search parameters","stacktrace":"io.appium.uiautomator2.common.exceptions.ElementNotFoundException: An element could not be located on the page using the given search parameters\n\tat io.appium.uiautomator2.handler.FindElement.safeHandle(FindElement.java:63)\n\tat io.appium.uiautomator2.handler.request.SafeRequestHandler.handle(SafeRequestHandler.java:59)\n\tat io.appium.uiautomator2.server.AppiumServlet.handleRequest(AppiumServlet.java:259)\n\tat io.appium.uiautomator2.server.AppiumServlet.handleHttpRequest(AppiumServlet.java:253)\n\tat io.appium.uiautomator2.http.ServerHandler.channelRead(ServerHandler.java:77)\n\tat io.netty.channel.AbstractChannelHandlerContext.invokeChannelRead(AbstractChannelHandlerContext.java:374)\n\tat io.netty.channel.AbstractChannelHandlerContext.invokeChannelRead(AbstractChannelHandlerContext.java:360)\n\tat io.netty.chann...
&amp#27;[38;5;167m[4d61b2ac]&amp#27;[0m&amp#27;[38;5;123m[W3C]&amp#27;[0m Matched W3C error code 'no such element' to NoSuchElementError
&amp#27;[38;5;167m[4d61b2ac]&amp#27;[0m&amp#27;[38;5;-120m[AndroidUiautomator2Driver@b270]&amp#27;[0m Waited for 6078 ms so far
&amp#27;[38;5;167m[4d61b2ac]&amp#27;[0m&amp#27;[38;5;-120m[AndroidUiautomator2Driver@b270]&amp#27;[0m Matched '/element' to command name 'findElement'
&amp#27;[38;5;167m[4d61b2ac]&amp#27;[0m&amp#27;[38;5;-120m[AndroidUiautomator2Driver@b270]&amp#27;[0m Proxying [POST /element] to [POST http://127.0.0.1:8200/session/f9c3d272-12ec-48cf-9cf4-d6556c524551/element] with body: {"strategy":"id","selector":"android:id/text1","context":"","multiple":false}
&amp#27;[38;5;167m[4d61b2ac]&amp#27;[0m&amp#27;[38;5;-120m[AndroidUiautomator2Driver@b270]&amp#27;[0m Got response with status 404: {"sessionId":"f9c3d272-12ec-48cf-9cf4-d6556c524551","value":{"error":"no such element","message":"An element could not be located on the page using the given search parameters","stacktrace":"io.appium.uiautomator2.common.exceptions.ElementNotFoundException: An element could not be located on the page using the given search parameters\n\tat io.appium.uiautomator2.handler.FindElement.safeHandle(FindElement.java:63)\n\tat io.appium.uiautomator2.handler.request.SafeRequestHandler.handle(SafeRequestHandler.java:59)\n\tat io.appium.uiautomator2.server.AppiumServlet.handleRequest(AppiumServlet.java:259)\n\tat io.appium.uiautomator2.server.AppiumServlet.handleHttpRequest(AppiumServlet.java:253)\n\tat io.appium.uiautomator2.http.ServerHandler.channelRead(ServerHandler.java:77)\n\tat io.netty.channel.AbstractChannelHandlerContext.invokeChannelRead(AbstractChannelHandlerContext.java:374)\n\tat io.netty.channel.AbstractChannelHandlerContext.invokeChannelRead(AbstractChannelHandlerContext.java:360)\n\tat io.netty.chann...
&amp#27;[38;5;167m[4d61b2ac]&amp#27;[0m&amp#27;[38;5;123m[W3C]&amp#27;[0m Matched W3C error code 'no such element' to NoSuchElementError
&amp#27;[38;5;167m[4d61b2ac]&amp#27;[0m&amp#27;[38;5;-120m[AndroidUiautomator2Driver@b270]&amp#27;[0m Waited for 8520 ms so far
&amp#27;[38;5;167m[4d61b2ac]&amp#27;[0m&amp#27;[38;5;-120m[AndroidUiautomator2Driver@b270]&amp#27;[0m Matched '/element' to command name 'findElement'
&amp#27;[38;5;167m[4d61b2ac]&amp#27;[0m&amp#27;[38;5;-120m[AndroidUiautomator2Driver@b270]&amp#27;[0m Proxying [POST /element] to [POST http://127.0.0.1:8200/session/f9c3d272-12ec-48cf-9cf4-d6556c524551/element] with body: {"strategy":"id","selector":"android:id/text1","context":"","multiple":false}
&amp#27;[38;5;167m[4d61b2ac]&amp#27;[0m&amp#27;[38;5;-120m[AndroidUiautomator2Driver@b270]&amp#27;[0m Got response with status 200: {"sessionId":"f9c3d272-12ec-48cf-9cf4-d6556c524551","value":{"ELEMENT":"00000000-0000-0362-ffff-ffff00000024","element-6066-11e4-a52e-4f735466cecf":"00000000-0000-0362-ffff-ffff00000024"}}
&amp#27;[38;5;167m[4d61b2ac]&amp#27;[0m&amp#27;[38;5;-120m[AndroidUiautomator2Driver@b270]&amp#27;[0m Responding to client with driver.findElement() result: {"element-6066-11e4-a52e-4f735466cecf":"00000000-0000-0362-ffff-ffff00000024","ELEMENT":"00000000-0000-0362-ffff-ffff00000024"}
&amp#27;[38;5;167m[4d61b2ac]&amp#27;[0m&amp#27;[38;5;86m[HTTP]&amp#27;[0m &amp#27;[37m<-- POST /session/4d61b2ac-7488-4e5f-acb6-de3d9a0fded5/element &amp#27;[39m&amp#27;[32m200&amp#27;[39m &amp#27;[90m9979 ms - 137&amp#27;[39m &amp#27;[90m&amp#27;[39m
&amp#27;[38;5;167m[4d61b2ac]&amp#27;[0m&amp#27;[38;5;86m[HTTP]&amp#27;[0m &amp#27;[37m-->&amp#27;[39m &amp#27;[37mPOST&amp#27;[39m &amp#27;[37m/session/4d61b2ac-7488-4e5f-acb6-de3d9a0fded5/element/00000000-0000-0362-ffff-ffff00000024/click&amp#27;[39m &amp#27;[90m{"id":"00000000-0000-0362-ffff-ffff00000024"}&amp#27;[39m
&amp#27;[38;5;167m[4d61b2ac]&amp#27;[0m&amp#27;[38;5;-120m[AndroidUiautomator2Driver@b270]&amp#27;[0m Calling AppiumDriver.click() with args: ["00000000-0000-0362-ffff-ffff00000024","4d61b2ac-7488-4e5f-acb6-de3d9a0fded5"]
&amp#27;[38;5;167m[4d61b2ac]&amp#27;[0m&amp#27;[38;5;-120m[AndroidUiautomator2Driver@b270]&amp#27;[0m Matched '/element/00000000-0000-0362-ffff-ffff00000024/click' to command name 'click'
&amp#27;[38;5;167m[4d61b2ac]&amp#27;[0m&amp#27;[38;5;-120m[AndroidUiautomator2Driver@b270]&amp#27;[0m Proxying [POST /element/00000000-0000-0362-ffff-ffff00000024/click] to [POST http://127.0.0.1:8200/session/f9c3d272-12ec-48cf-9cf4-d6556c524551/element/00000000-0000-0362-ffff-ffff00000024/click] with body: {"element":"00000000-0000-0362-ffff-ffff00000024"}
&amp#27;[38;5;167m[4d61b2ac]&amp#27;[0m&amp#27;[38;5;-120m[AndroidUiautomator2Driver@b270]&amp#27;[0m Got response with status 200: {"sessionId":"f9c3d272-12ec-48cf-9cf4-d6556c524551","value":null}
&amp#27;[38;5;167m[4d61b2ac]&amp#27;[0m&amp#27;[38;5;-120m[AndroidUiautomator2Driver@b270]&amp#27;[0m Responding to client with driver.click() result: null
&amp#27;[38;5;167m[4d61b2ac]&amp#27;[0m&amp#27;[38;5;86m[HTTP]&amp#27;[0m &amp#27;[37m<-- POST /session/4d61b2ac-7488-4e5f-acb6-de3d9a0fded5/element/00000000-0000-0362-ffff-ffff00000024/click &amp#27;[39m&amp#27;[32m200&amp#27;[39m &amp#27;[90m172 ms - 14&amp#27;[39m &amp#27;[90m&amp#27;[39m
&amp#27;[38;5;167m[4d61b2ac]&amp#27;[0m&amp#27;[38;5;86m[HTTP]&amp#27;[0m &amp#27;[37m-->&amp#27;[39m &amp#27;[37mPOST&amp#27;[39m &amp#27;[37m/session/4d61b2ac-7488-4e5f-acb6-de3d9a0fded5/element&amp#27;[39m &amp#27;[90m{"using":"-android uiautomator","value":"new UiScrollable(new UiSelector()).scrollIntoView(text(\"Azerbaijan\"));"}&amp#27;[39m
&amp#27;[38;5;167m[4d61b2ac]&amp#27;[0m&amp#27;[38;5;-120m[AndroidUiautomator2Driver@b270]&amp#27;[0m Calling AppiumDriver.findElement() with args: ["-android uiautomator","new UiScrollable(new UiSelector()).scrollIntoView(text(\"Azerbaijan\"));","4d61b2ac-7488-4e5f-acb6-de3d9a0fded5"]
&amp#27;[38;5;167m[4d61b2ac]&amp#27;[0m&amp#27;[38;5;-120m[AndroidUiautomator2Driver@b270]&amp#27;[0m Valid locator strategies for this request: xpath, id, class name, accessibility id, css selector, -android uiautomator
&amp#27;[38;5;167m[4d61b2ac]&amp#27;[0m&amp#27;[38;5;-120m[AndroidUiautomator2Driver@b270]&amp#27;[0m Waiting up to 10000 ms for condition
&amp#27;[38;5;167m[4d61b2ac]&amp#27;[0m&amp#27;[38;5;-120m[AndroidUiautomator2Driver@b270]&amp#27;[0m Matched '/element' to command name 'findElement'
&amp#27;[38;5;167m[4d61b2ac]&amp#27;[0m&amp#27;[38;5;-120m[AndroidUiautomator2Driver@b270]&amp#27;[0m Proxying [POST /element] to [POST http://127.0.0.1:8200/session/f9c3d272-12ec-48cf-9cf4-d6556c524551/element] with body: {"strategy":"-android uiautomator","selector":"new UiScrollable(new UiSelector()).scrollIntoView(text(\"Azerbaijan\"));","context":"","multiple":false}
&amp#27;[38;5;167m[4d61b2ac]&amp#27;[0m&amp#27;[38;5;-120m[AndroidUiautomator2Driver@b270]&amp#27;[0m Got response with status 200: {"sessionId":"f9c3d272-12ec-48cf-9cf4-d6556c524551","value":{"ELEMENT":"00000000-0000-0363-ffff-ffff0000002d","element-6066-11e4-a52e-4f735466cecf":"00000000-0000-0363-ffff-ffff0000002d"}}
&amp#27;[38;5;167m[4d61b2ac]&amp#27;[0m&amp#27;[38;5;-120m[AndroidUiautomator2Driver@b270]&amp#27;[0m Responding to client with driver.findElement() result: {"element-6066-11e4-a52e-4f735466cecf":"00000000-0000-0363-ffff-ffff0000002d","ELEMENT":"00000000-0000-0363-ffff-ffff0000002d"}
&amp#27;[38;5;167m[4d61b2ac]&amp#27;[0m&amp#27;[38;5;86m[HTTP]&amp#27;[0m &amp#27;[37m<-- POST /session/4d61b2ac-7488-4e5f-acb6-de3d9a0fded5/element &amp#27;[39m&amp#27;[32m200&amp#27;[39m &amp#27;[90m9793 ms - 137&amp#27;[39m &amp#27;[90m&amp#27;[39m
&amp#27;[38;5;167m[4d61b2ac]&amp#27;[0m&amp#27;[38;5;86m[HTTP]&amp#27;[0m &amp#27;[37m-->&amp#27;[39m &amp#27;[37mPOST&amp#27;[39m &amp#27;[37m/session/4d61b2ac-7488-4e5f-acb6-de3d9a0fded5/element&amp#27;[39m &amp#27;[90m{"using":"xpath","value":"//android.widget.TextView[@text='Azerbaijan']"}&amp#27;[39m
&amp#27;[38;5;167m[4d61b2ac]&amp#27;[0m&amp#27;[38;5;-120m[AndroidUiautomator2Driver@b270]&amp#27;[0m Calling AppiumDriver.findElement() with args: ["xpath","//android.widget.TextView[@text='Azerbaijan']","4d61b2ac-7488-4e5f-acb6-de3d9a0fded5"]
&amp#27;[38;5;167m[4d61b2ac]&amp#27;[0m&amp#27;[38;5;-120m[AndroidUiautomator2Driver@b270]&amp#27;[0m Valid locator strategies for this request: xpath, id, class name, accessibility id, css selector, -android uiautomator
&amp#27;[38;5;167m[4d61b2ac]&amp#27;[0m&amp#27;[38;5;-120m[AndroidUiautomator2Driver@b270]&amp#27;[0m Waiting up to 10000 ms for condition
&amp#27;[38;5;167m[4d61b2ac]&amp#27;[0m&amp#27;[38;5;-120m[AndroidUiautomator2Driver@b270]&amp#27;[0m Matched '/element' to command name 'findElement'
&amp#27;[38;5;167m[4d61b2ac]&amp#27;[0m&amp#27;[38;5;-120m[AndroidUiautomator2Driver@b270]&amp#27;[0m Proxying [POST /element] to [POST http://127.0.0.1:8200/session/f9c3d272-12ec-48cf-9cf4-d6556c524551/element] with body: {"strategy":"xpath","selector":"//android.widget.TextView[@text='Azerbaijan']","context":"","multiple":false}
&amp#27;[38;5;167m[4d61b2ac]&amp#27;[0m&amp#27;[38;5;-120m[AndroidUiautomator2Driver@b270]&amp#27;[0m Got response with status 200: {"sessionId":"f9c3d272-12ec-48cf-9cf4-d6556c524551","value":{"ELEMENT":"00000000-0000-0363-ffff-ffff0000002d","element-6066-11e4-a52e-4f735466cecf":"00000000-0000-0363-ffff-ffff0000002d"}}
&amp#27;[38;5;167m[4d61b2ac]&amp#27;[0m&amp#27;[38;5;-120m[AndroidUiautomator2Driver@b270]&amp#27;[0m Responding to client with driver.findElement() result: {"element-6066-11e4-a52e-4f735466cecf":"00000000-0000-0363-ffff-ffff0000002d","ELEMENT":"00000000-0000-0363-ffff-ffff0000002d"}
&amp#27;[38;5;167m[4d61b2ac]&amp#27;[0m&amp#27;[38;5;86m[HTTP]&amp#27;[0m &amp#27;[37m<-- POST /session/4d61b2ac-7488-4e5f-acb6-de3d9a0fded5/element &amp#27;[39m&amp#27;[32m200&amp#27;[39m &amp#27;[90m3711 ms - 137&amp#27;[39m &amp#27;[90m&amp#27;[39m
&amp#27;[38;5;167m[4d61b2ac]&amp#27;[0m&amp#27;[38;5;86m[HTTP]&amp#27;[0m &amp#27;[37m-->&amp#27;[39m &amp#27;[37mPOST&amp#27;[39m &amp#27;[37m/session/4d61b2ac-7488-4e5f-acb6-de3d9a0fded5/element/00000000-0000-0363-ffff-ffff0000002d/click&amp#27;[39m &amp#27;[90m{"id":"00000000-0000-0363-ffff-ffff0000002d"}&amp#27;[39m
&amp#27;[38;5;167m[4d61b2ac]&amp#27;[0m&amp#27;[38;5;-120m[AndroidUiautomator2Driver@b270]&amp#27;[0m Calling AppiumDriver.click() with args: ["00000000-0000-0363-ffff-ffff0000002d","4d61b2ac-7488-4e5f-acb6-de3d9a0fded5"]
&amp#27;[38;5;167m[4d61b2ac]&amp#27;[0m&amp#27;[38;5;-120m[AndroidUiautomator2Driver@b270]&amp#27;[0m Matched '/element/00000000-0000-0363-ffff-ffff0000002d/click' to command name 'click'
&amp#27;[38;5;167m[4d61b2ac]&amp#27;[0m&amp#27;[38;5;-120m[AndroidUiautomator2Driver@b270]&amp#27;[0m Proxying [POST /element/00000000-0000-0363-ffff-ffff0000002d/click] to [POST http://127.0.0.1:8200/session/f9c3d272-12ec-48cf-9cf4-d6556c524551/element/00000000-0000-0363-ffff-ffff0000002d/click] with body: {"element":"00000000-0000-0363-ffff-ffff0000002d"}
&amp#27;[38;5;167m[4d61b2ac]&amp#27;[0m&amp#27;[38;5;-120m[AndroidUiautomator2Driver@b270]&amp#27;[0m Got response with status 200: {"sessionId":"f9c3d272-12ec-48cf-9cf4-d6556c524551","value":null}
&amp#27;[38;5;167m[4d61b2ac]&amp#27;[0m&amp#27;[38;5;-120m[AndroidUiautomator2Driver@b270]&amp#27;[0m Responding to client with driver.click() result: null
&amp#27;[38;5;167m[4d61b2ac]&amp#27;[0m&amp#27;[38;5;86m[HTTP]&amp#27;[0m &amp#27;[37m<-- POST /session/4d61b2ac-7488-4e5f-acb6-de3d9a0fded5/element/00000000-0000-0363-ffff-ffff0000002d/click &amp#27;[39m&amp#27;[32m200&amp#27;[39m &amp#27;[90m745 ms - 14&amp#27;[39m &amp#27;[90m&amp#27;[39m
&amp#27;[38;5;167m[4d61b2ac]&amp#27;[0m&amp#27;[38;5;86m[HTTP]&amp#27;[0m &amp#27;[37m-->&amp#27;[39m &amp#27;[37mGET&amp#27;[39m &amp#27;[37m/session/4d61b2ac-7488-4e5f-acb6-de3d9a0fded5/context&amp#27;[39m &amp#27;[90m{}&amp#27;[39m
&amp#27;[38;5;167m[4d61b2ac]&amp#27;[0m&amp#27;[38;5;-120m[AndroidUiautomator2Driver@b270]&amp#27;[0m Calling AppiumDriver.getCurrentContext() with args: ["4d61b2ac-7488-4e5f-acb6-de3d9a0fded5"]
&amp#27;[38;5;167m[4d61b2ac]&amp#27;[0m&amp#27;[38;5;-120m[AndroidUiautomator2Driver@b270]&amp#27;[0m Responding to client with driver.getCurrentContext() result: "NATIVE_APP"
&amp#27;[38;5;167m[4d61b2ac]&amp#27;[0m&amp#27;[38;5;86m[HTTP]&amp#27;[0m &amp#27;[37m<-- GET /session/4d61b2ac-7488-4e5f-acb6-de3d9a0fded5/context &amp#27;[39m&amp#27;[32m200&amp#27;[39m &amp#27;[90m2 ms - 22&amp#27;[39m &amp#27;[90m&amp#27;[39m
&amp#27;[38;5;167m[4d61b2ac]&amp#27;[0m&amp#27;[38;5;86m[HTTP]&amp#27;[0m &amp#27;[37m-->&amp#27;[39m &amp#27;[37mPOST&amp#27;[39m &amp#27;[37m/session/4d61b2ac-7488-4e5f-acb6-de3d9a0fded5/element&amp#27;[39m &amp#27;[90m{"using":"id","value":"com.androidsample.generalstore:id/nameField"}&amp#27;[39m
&amp#27;[38;5;167m[4d61b2ac]&amp#27;[0m&amp#27;[38;5;-120m[AndroidUiautomator2Driver@b270]&amp#27;[0m Calling AppiumDriver.findElement() with args: ["id","com.androidsample.generalstore:id/nameField","4d61b2ac-7488-4e5f-acb6-de3d9a0fded5"]
&amp#27;[38;5;167m[4d61b2ac]&amp#27;[0m&amp#27;[38;5;-120m[AndroidUiautomator2Driver@b270]&amp#27;[0m Valid locator strategies for this request: xpath, id, class name, accessibility id, css selector, -android uiautomator
&amp#27;[38;5;167m[4d61b2ac]&amp#27;[0m&amp#27;[38;5;-120m[AndroidUiautomator2Driver@b270]&amp#27;[0m Waiting up to 10000 ms for condition
&amp#27;[38;5;167m[4d61b2ac]&amp#27;[0m&amp#27;[38;5;-120m[AndroidUiautomator2Driver@b270]&amp#27;[0m Matched '/element' to command name 'findElement'
&amp#27;[38;5;167m[4d61b2ac]&amp#27;[0m&amp#27;[38;5;-120m[AndroidUiautomator2Driver@b270]&amp#27;[0m Proxying [POST /element] to [POST http://127.0.0.1:8200/session/f9c3d272-12ec-48cf-9cf4-d6556c524551/element] with body: {"strategy":"id","selector":"com.androidsample.generalstore:id/nameField","context":"","multiple":false}
&amp#27;[38;5;167m[4d61b2ac]&amp#27;[0m&amp#27;[38;5;-120m[AndroidUiautomator2Driver@b270]&amp#27;[0m Got response with status 404: {"sessionId":"f9c3d272-12ec-48cf-9cf4-d6556c524551","value":{"error":"no such element","message":"An element could not be located on the page using the given search parameters","stacktrace":"io.appium.uiautomator2.common.exceptions.ElementNotFoundException: An element could not be located on the page using the given search parameters\n\tat io.appium.uiautomator2.handler.FindElement.safeHandle(FindElement.java:63)\n\tat io.appium.uiautomator2.handler.request.SafeRequestHandler.handle(SafeRequestHandler.java:59)\n\tat io.appium.uiautomator2.server.AppiumServlet.handleRequest(AppiumServlet.java:259)\n\tat io.appium.uiautomator2.server.AppiumServlet.handleHttpRequest(AppiumServlet.java:253)\n\tat io.appium.uiautomator2.http.ServerHandler.channelRead(ServerHandler.java:77)\n\tat io.netty.channel.AbstractChannelHandlerContext.invokeChannelRead(AbstractChannelHandlerContext.java:374)\n\tat io.netty.channel.AbstractChannelHandlerContext.invokeChannelRead(AbstractChannelHandlerContext.java:360)\n\tat io.netty.chann...
[...]
&amp#27;[38;5;167m[4d61b2ac]&amp#27;[0m&amp#27;[38;5;-120m[AndroidUiautomator2Driver@b270]&amp#27;[0m Got response with status 200: {"sessionId":"f9c3d272-12ec-48cf-9cf4-d6556c524551","value":"$120.0"}
&amp#27;[38;5;167m[4d61b2ac]&amp#27;[0m&amp#27;[38;5;-120m[AndroidUiautomator2Driver@b270]&amp#27;[0m Replacing sessionId f9c3d272-12ec-48cf-9cf4-d6556c524551 with 4d61b2ac-7488-4e5f-acb6-de3d9a0fded5
&amp#27;[38;5;167m[4d61b2ac]&amp#27;[0m&amp#27;[38;5;86m[HTTP]&amp#27;[0m &amp#27;[37m<-- GET /session/4d61b2ac-7488-4e5f-acb6-de3d9a0fded5/element/00000000-0000-036b-ffff-ffff0000008e/text &amp#27;[39m&amp#27;[32m200&amp#27;[39m &amp#27;[90m38 ms - 69&amp#27;[39m &amp#27;[90m&amp#27;[39m
&amp#27;[38;5;167m[4d61b2ac]&amp#27;[0m&amp#27;[38;5;86m[HTTP]&amp#27;[0m &amp#27;[37m-->&amp#27;[39m &amp#27;[37mGET&amp#27;[39m &amp#27;[37m/session/4d61b2ac-7488-4e5f-acb6-de3d9a0fded5/context&amp#27;[39m &amp#27;[90m{}&amp#27;[39m
&amp#27;[38;5;167m[4d61b2ac]&amp#27;[0m&amp#27;[38;5;-120m[AndroidUiautomator2Driver@b270]&amp#27;[0m Calling AppiumDriver.getCurrentContext() with args: ["4d61b2ac-7488-4e5f-acb6-de3d9a0fded5"]
&amp#27;[38;5;167m[4d61b2ac]&amp#27;[0m&amp#27;[38;5;-120m[AndroidUiautomator2Driver@b270]&amp#27;[0m Responding to client with driver.getCurrentContext() result: "NATIVE_APP"
&amp#27;[38;5;167m[4d61b2ac]&amp#27;[0m&amp#27;[38;5;86m[HTTP]&amp#27;[0m &amp#27;[37m<-- GET /session/4d61b2ac-7488-4e5f-acb6-de3d9a0fded5/context &amp#27;[39m&amp#27;[32m200&amp#27;[39m &amp#27;[90m1 ms - 22&amp#27;[39m &amp#27;[90m&amp#27;[39m
&amp#27;[38;5;167m[4d61b2ac]&amp#27;[0m&amp#27;[38;5;86m[HTTP]&amp#27;[0m &amp#27;[37m-->&amp#27;[39m &amp#27;[37mPOST&amp#27;[39m &amp#27;[37m/session/4d61b2ac-7488-4e5f-acb6-de3d9a0fded5/element&amp#27;[39m &amp#27;[90m{"using":"id","value":"com.androidsample.generalstore:id/totalAmountLbl"}&amp#27;[39m
&amp#27;[38;5;167m[4d61b2ac]&amp#27;[0m&amp#27;[38;5;-120m[AndroidUiautomator2Driver@b270]&amp#27;[0m Calling AppiumDriver.findElement() with args: ["id","com.androidsample.generalstore:id/totalAmountLbl","4d61b2ac-7488-4e5f-acb6-de3d9a0fded5"]
&amp#27;[38;5;167m[4d61b2ac]&amp#27;[0m&amp#27;[38;5;-120m[AndroidUiautomator2Driver@b270]&amp#27;[0m Valid locator strategies for this request: xpath, id, class name, accessibility id, css selector, -android uiautomator
&amp#27;[38;5;167m[4d61b2ac]&amp#27;[0m&amp#27;[38;5;-120m[AndroidUiautomator2Driver@b270]&amp#27;[0m Waiting up to 10000 ms for condition
&amp#27;[38;5;167m[4d61b2ac]&amp#27;[0m&amp#27;[38;5;-120m[AndroidUiautomator2Driver@b270]&amp#27;[0m Matched '/element' to command name 'findElement'
&amp#27;[38;5;167m[4d61b2ac]&amp#27;[0m&amp#27;[38;5;-120m[AndroidUiautomator2Driver@b270]&amp#27;[0m Proxying [POST /element] to [POST http://127.0.0.1:8200/session/f9c3d272-12ec-48cf-9cf4-d6556c524551/element] with body: {"strategy":"id","selector":"com.androidsample.generalstore:id/totalAmountLbl","context":"","multiple":false}
&amp#27;[38;5;167m[4d61b2ac]&amp#27;[0m&amp#27;[38;5;-120m[AndroidUiautomator2Driver@b270]&amp#27;[0m Got response with status 200: {"sessionId":"f9c3d272-12ec-48cf-9cf4-d6556c524551","value":{"ELEMENT":"00000000-0000-036b-ffff-ffff0000007a","element-6066-11e4-a52e-4f735466cecf":"00000000-0000-036b-ffff-ffff0000007a"}}
&amp#27;[38;5;167m[4d61b2ac]&amp#27;[0m&amp#27;[38;5;-120m[AndroidUiautomator2Driver@b270]&amp#27;[0m Responding to client with driver.findElement() result: {"element-6066-11e4-a52e-4f735466cecf":"00000000-0000-036b-ffff-ffff0000007a","ELEMENT":"00000000-0000-036b-ffff-ffff0000007a"}
&amp#27;[38;5;167m[4d61b2ac]&amp#27;[0m&amp#27;[38;5;86m[HTTP]&amp#27;[0m &amp#27;[37m<-- POST /session/4d61b2ac-7488-4e5f-acb6-de3d9a0fded5/element &amp#27;[39m&amp#27;[32m200&amp#27;[39m &amp#27;[90m71 ms - 137&amp#27;[39m &amp#27;[90m&amp#27;[39m
&amp#27;[38;5;167m[4d61b2ac]&amp#27;[0m&amp#27;[38;5;86m[HTTP]&amp#27;[0m &amp#27;[37m-->&amp#27;[39m &amp#27;[37mGET&amp#27;[39m &amp#27;[37m/session/4d61b2ac-7488-4e5f-acb6-de3d9a0fded5/element/00000000-0000-036b-ffff-ffff0000007a/text&amp#27;[39m &amp#27;[90m{}&amp#27;[39m
&amp#27;[38;5;167m[4d61b2ac]&amp#27;[0m&amp#27;[38;5;-120m[AndroidUiautomator2Driver@b270]&amp#27;[0m Driver proxy active, passing request on via HTTP proxy
&amp#27;[38;5;167m[4d61b2ac]&amp#27;[0m&amp#27;[38;5;-120m[AndroidUiautomator2Driver@b270]&amp#27;[0m Matched '/session/4d61b2ac-7488-4e5f-acb6-de3d9a0fded5/element/00000000-0000-036b-ffff-ffff0000007a/text' to command name 'getText'
&amp#27;[38;5;167m[4d61b2ac]&amp#27;[0m&amp#27;[38;5;-120m[AndroidUiautomator2Driver@b270]&amp#27;[0m Proxying [GET /session/4d61b2ac-7488-4e5f-acb6-de3d9a0fded5/element/00000000-0000-036b-ffff-ffff0000007a/text] to [GET http://127.0.0.1:8200/session/f9c3d272-12ec-48cf-9cf4-d6556c524551/element/00000000-0000-036b-ffff-ffff0000007a/text] with no body
&amp#27;[38;5;167m[4d61b2ac]&amp#27;[0m&amp#27;[38;5;-120m[AndroidUiautomator2Driver@b270]&amp#27;[0m Got response with status 200: {"sessionId":"f9c3d272-12ec-48cf-9cf4-d6556c524551","value":"$ 280.97"}
&amp#27;[38;5;167m[4d61b2ac]&amp#27;[0m&amp#27;[38;5;-120m[AndroidUiautomator2Driver@b270]&amp#27;[0m Replacing sessionId f9c3d272-12ec-48cf-9cf4-d6556c524551 with 4d61b2ac-7488-4e5f-acb6-de3d9a0fded5
&amp#27;[38;5;167m[4d61b2ac]&amp#27;[0m&amp#27;[38;5;86m[HTTP]&amp#27;[0m &amp#27;[37m<-- GET /session/4d61b2ac-7488-4e5f-acb6-de3d9a0fded5/element/00000000-0000-036b-ffff-ffff0000007a/text &amp#27;[39m&amp#27;[32m200&amp#27;[39m &amp#27;[90m44 ms - 71&amp#27;[39m &amp#27;[90m&amp#27;[39m
&amp#27;[38;5;167m[4d61b2ac]&amp#27;[0m&amp#27;[38;5;86m[HTTP]&amp#27;[0m &amp#27;[37m-->&amp#27;[39m &amp#27;[37mGET&amp#27;[39m &amp#27;[37m/session/4d61b2ac-7488-4e5f-acb6-de3d9a0fded5/context&amp#27;[39m &amp#27;[90m{}&amp#27;[39m
&amp#27;[38;5;167m[4d61b2ac]&amp#27;[0m&amp#27;[38;5;-120m[AndroidUiautomator2Driver@b270]&amp#27;[0m Calling AppiumDriver.getCurrentContext() with args: ["4d61b2ac-7488-4e5f-acb6-de3d9a0fded5"]
&amp#27;[38;5;167m[4d61b2ac]&amp#27;[0m&amp#27;[38;5;-120m[AndroidUiautomator2Driver@b270]&amp#27;[0m Responding to client with driver.getCurrentContext() result: "NATIVE_APP"
&amp#27;[38;5;167m[4d61b2ac]&amp#27;[0m&amp#27;[38;5;86m[HTTP]&amp#27;[0m &amp#27;[37m<-- GET /session/4d61b2ac-7488-4e5f-acb6-de3d9a0fded5/context &amp#27;[39m&amp#27;[32m200&amp#27;[39m &amp#27;[90m1 ms - 22&amp#27;[39m &amp#27;[90m&amp#27;[39m
&amp#27;[38;5;167m[4d61b2ac]&amp#27;[0m&amp#27;[38;5;86m[HTTP]&amp#27;[0m &amp#27;[37m-->&amp#27;[39m &amp#27;[37mPOST&amp#27;[39m &amp#27;[37m/session/4d61b2ac-7488-4e5f-acb6-de3d9a0fded5/element&amp#27;[39m &amp#27;[90m{"using":"id","value":"com.androidsample.generalstore:id/termsButton"}&amp#27;[39m
&amp#27;[38;5;167m[4d61b2ac]&amp#27;[0m&amp#27;[38;5;-120m[AndroidUiautomator2Driver@b270]&amp#27;[0m Calling AppiumDriver.findElement() with args: ["id","com.androidsample.generalstore:id/termsButton","4d61b2ac-7488-4e5f-acb6-de3d9a0fded5"]
&amp#27;[38;5;167m[4d61b2ac]&amp#27;[0m&amp#27;[38;5;-120m[AndroidUiautomator2Driver@b270]&amp#27;[0m Valid locator strategies for this request: xpath, id, class name, accessibility id, css selector, -android uiautomator
&amp#27;[38;5;167m[4d61b2ac]&amp#27;[0m&amp#27;[38;5;-120m[AndroidUiautomator2Driver@b270]&amp#27;[0m Waiting up to 10000 ms for condition
&amp#27;[38;5;167m[4d61b2ac]&amp#27;[0m&amp#27;[38;5;-120m[AndroidUiautomator2Driver@b270]&amp#27;[0m Matched '/element' to command name 'findElement'
&amp#27;[38;5;167m[4d61b2ac]&amp#27;[0m&amp#27;[38;5;-120m[AndroidUiautomator2Driver@b270]&amp#27;[0m Proxying [POST /element] to [POST http://127.0.0.1:8200/session/f9c3d272-12ec-48cf-9cf4-d6556c524551/element] with body: {"strategy":"id","selector":"com.androidsample.generalstore:id/termsButton","context":"","multiple":false}
&amp#27;[38;5;167m[4d61b2ac]&amp#27;[0m&amp#27;[38;5;-120m[AndroidUiautomator2Driver@b270]&amp#27;[0m Got response with status 200: {"sessionId":"f9c3d272-12ec-48cf-9cf4-d6556c524551","value":{"ELEMENT":"00000000-0000-036b-ffff-ffff0000007d","element-6066-11e4-a52e-4f735466cecf":"00000000-0000-036b-ffff-ffff0000007d"}}
&amp#27;[38;5;167m[4d61b2ac]&amp#27;[0m&amp#27;[38;5;-120m[AndroidUiautomator2Driver@b270]&amp#27;[0m Responding to client with driver.findElement() result: {"element-6066-11e4-a52e-4f735466cecf":"00000000-0000-036b-ffff-ffff0000007d","ELEMENT":"00000000-0000-036b-ffff-ffff0000007d"}
&amp#27;[38;5;167m[4d61b2ac]&amp#27;[0m&amp#27;[38;5;86m[HTTP]&amp#27;[0m &amp#27;[37m<-- POST /session/4d61b2ac-7488-4e5f-acb6-de3d9a0fded5/element &amp#27;[39m&amp#27;[32m200&amp#27;[39m &amp#27;[90m41 ms - 137&amp#27;[39m &amp#27;[90m&amp#27;[39m
&amp#27;[38;5;167m[4d61b2ac]&amp#27;[0m&amp#27;[38;5;86m[HTTP]&amp#27;[0m &amp#27;[37m-->&amp#27;[39m &amp#27;[37mPOST&amp#27;[39m &amp#27;[37m/session/4d61b2ac-7488-4e5f-acb6-de3d9a0fded5/execute/sync&amp#27;[39m &amp#27;[90m{"args":[{"elementId":"00000000-0000-036b-ffff-ffff0000007d","duration":2000}],"script":"mobile: longClickGesture"}&amp#27;[39m
&amp#27;[38;5;167m[4d61b2ac]&amp#27;[0m&amp#27;[38;5;-120m[AndroidUiautomator2Driver@b270]&amp#27;[0m Calling AppiumDriver.execute() with args: ["mobile: longClickGesture",[{"elementId":"00000000-0000-036b-ffff-ffff0000007d","duration":2000}],"4d61b2ac-7488-4e5f-acb6-de3d9a0fded5"]
&amp#27;[38;5;167m[4d61b2ac]&amp#27;[0m&amp#27;[38;5;-120m[AndroidUiautomator2Driver@b270]&amp#27;[0m Proxying [POST /appium/gestures/long_click] to [POST http://127.0.0.1:8200/session/f9c3d272-12ec-48cf-9cf4-d6556c524551/appium/gestures/long_click] with body: {"origin":{"ELEMENT":"00000000-0000-036b-ffff-ffff0000007d","element-6066-11e4-a52e-4f735466cecf":"00000000-0000-036b-ffff-ffff0000007d"},"duration":2000}
&amp#27;[38;5;167m[4d61b2ac]&amp#27;[0m&amp#27;[38;5;-120m[AndroidUiautomator2Driver@b270]&amp#27;[0m Got response with status 200: {"sessionId":"f9c3d272-12ec-48cf-9cf4-d6556c524551","value":null}
&amp#27;[38;5;167m[4d61b2ac]&amp#27;[0m&amp#27;[38;5;-120m[AndroidUiautomator2Driver@b270]&amp#27;[0m Responding to client with driver.execute() result: null
&amp#27;[38;5;167m[4d61b2ac]&amp#27;[0m&amp#27;[38;5;86m[HTTP]&amp#27;[0m &amp#27;[37m<-- POST /session/4d61b2ac-7488-4e5f-acb6-de3d9a0fded5/execute/sync &amp#27;[39m&amp#27;[32m200&amp#27;[39m &amp#27;[90m6944 ms - 14&amp#27;[39m &amp#27;[90m&amp#27;[39m
&amp#27;[38;5;167m[4d61b2ac]&amp#27;[0m&amp#27;[38;5;86m[HTTP]&amp#27;[0m &amp#27;[37m-->&amp#27;[39m &amp#27;[37mGET&amp#27;[39m &amp#27;[37m/session/4d61b2ac-7488-4e5f-acb6-de3d9a0fded5/context&amp#27;[39m &amp#27;[90m{}&amp#27;[39m
&amp#27;[38;5;167m[4d61b2ac]&amp#27;[0m&amp#27;[38;5;-120m[AndroidUiautomator2Driver@b270]&amp#27;[0m Calling AppiumDriver.getCurrentContext() with args: ["4d61b2ac-7488-4e5f-acb6-de3d9a0fded5"]
&amp#27;[38;5;167m[4d61b2ac]&amp#27;[0m&amp#27;[38;5;-120m[AndroidUiautomator2Driver@b270]&amp#27;[0m Responding to client with driver.getCurrentContext() result: "NATIVE_APP"
&amp#27;[38;5;167m[4d61b2ac]&amp#27;[0m&amp#27;[38;5;86m[HTTP]&amp#27;[0m &amp#27;[37m<-- GET /session/4d61b2ac-7488-4e5f-acb6-de3d9a0fded5/context &amp#27;[39m&amp#27;[32m200&amp#27;[39m &amp#27;[90m2 ms - 22&amp#27;[39m &amp#27;[90m&amp#27;[39m
&amp#27;[38;5;167m[4d61b2ac]&amp#27;[0m&amp#27;[38;5;86m[HTTP]&amp#27;[0m &amp#27;[37m-->&amp#27;[39m &amp#27;[37mPOST&amp#27;[39m &amp#27;[37m/session/4d61b2ac-7488-4e5f-acb6-de3d9a0fded5/element&amp#27;[39m &amp#27;[90m{"using":"id","value":"android:id/button1"}&amp#27;[39m
&amp#27;[38;5;167m[4d61b2ac]&amp#27;[0m&amp#27;[38;5;-120m[AndroidUiautomator2Driver@b270]&amp#27;[0m Calling AppiumDriver.findElement() with args: ["id","android:id/button1","4d61b2ac-7488-4e5f-acb6-de3d9a0fded5"]
&amp#27;[38;5;167m[4d61b2ac]&amp#27;[0m&amp#27;[38;5;-120m[AndroidUiautomator2Driver@b270]&amp#27;[0m Valid locator strategies for this request: xpath, id, class name, accessibility id, css selector, -android uiautomator
&amp#27;[38;5;167m[4d61b2ac]&amp#27;[0m&amp#27;[38;5;-120m[AndroidUiautomator2Driver@b270]&amp#27;[0m Waiting up to 10000 ms for condition
&amp#27;[38;5;167m[4d61b2ac]&amp#27;[0m&amp#27;[38;5;-120m[AndroidUiautomator2Driver@b270]&amp#27;[0m Matched '/element' to command name 'findElement'
&amp#27;[38;5;167m[4d61b2ac]&amp#27;[0m&amp#27;[38;5;-120m[AndroidUiautomator2Driver@b270]&amp#27;[0m Proxying [POST /element] to [POST http://127.0.0.1:8200/session/f9c3d272-12ec-48cf-9cf4-d6556c524551/element] with body: {"strategy":"id","selector":"android:id/button1","context":"","multiple":false}
&amp#27;[38;5;167m[4d61b2ac]&amp#27;[0m&amp#27;[38;5;-120m[AndroidUiautomator2Driver@b270]&amp#27;[0m Got response with status 200: {"sessionId":"f9c3d272-12ec-48cf-9cf4-d6556c524551","value":{"ELEMENT":"00000000-0000-036c-ffff-ffff000000a9","element-6066-11e4-a52e-4f735466cecf":"00000000-0000-036c-ffff-ffff000000a9"}}
&amp#27;[38;5;167m[4d61b2ac]&amp#27;[0m&amp#27;[38;5;-120m[AndroidUiautomator2Driver@b270]&amp#27;[0m Responding to client with driver.findElement() result: {"element-6066-11e4-a52e-4f735466cecf":"00000000-0000-036c-ffff-ffff000000a9","ELEMENT":"00000000-0000-036c-ffff-ffff000000a9"}
&amp#27;[38;5;167m[4d61b2ac]&amp#27;[0m&amp#27;[38;5;86m[HTTP]&amp#27;[0m &amp#27;[37m<-- POST /session/4d61b2ac-7488-4e5f-acb6-de3d9a0fded5/element &amp#27;[39m&amp#27;[32m200&amp#27;[39m &amp#27;[90m85 ms - 137&amp#27;[39m &amp#27;[90m&amp#27;[39m
&amp#27;[38;5;167m[4d61b2ac]&amp#27;[0m&amp#27;[38;5;86m[HTTP]&amp#27;[0m &amp#27;[37m-->&amp#27;[39m &amp#27;[37mPOST&amp#27;[39m &amp#27;[37m/session/4d61b2ac-7488-4e5f-acb6-de3d9a0fded5/element/00000000-0000-036c-ffff-ffff000000a9/click&amp#27;[39m &amp#27;[90m{"id":"00000000-0000-036c-ffff-ffff000000a9"}&amp#27;[39m
&amp#27;[38;5;167m[4d61b2ac]&amp#27;[0m&amp#27;[38;5;-120m[AndroidUiautomator2Driver@b270]&amp#27;[0m Calling AppiumDriver.click() with args: ["00000000-0000-036c-ffff-ffff000000a9","4d61b2ac-7488-4e5f-acb6-de3d9a0fded5"]
&amp#27;[38;5;167m[4d61b2ac]&amp#27;[0m&amp#27;[38;5;-120m[AndroidUiautomator2Driver@b270]&amp#27;[0m Matched '/element/00000000-0000-036c-ffff-ffff000000a9/click' to command name 'click'
&amp#27;[38;5;167m[4d61b2ac]&amp#27;[0m&amp#27;[38;5;-120m[AndroidUiautomator2Driver@b270]&amp#27;[0m Proxying [POST /element/00000000-0000-036c-ffff-ffff000000a9/click] to [POST http://127.0.0.1:8200/session/f9c3d272-12ec-48cf-9cf4-d6556c524551/element/00000000-0000-036c-ffff-ffff000000a9/click] with body: {"element":"00000000-0000-036c-ffff-ffff000000a9"}
&amp#27;[38;5;167m[4d61b2ac]&amp#27;[0m&amp#27;[38;5;-120m[AndroidUiautomator2Driver@b270]&amp#27;[0m Got response with status 200: {"sessionId":"f9c3d272-12ec-48cf-9cf4-d6556c524551","value":null}
&amp#27;[38;5;167m[4d61b2ac]&amp#27;[0m&amp#27;[38;5;-120m[AndroidUiautomator2Driver@b270]&amp#27;[0m Responding to client with driver.click() result: null
&amp#27;[38;5;167m[4d61b2ac]&amp#27;[0m&amp#27;[38;5;86m[HTTP]&amp#27;[0m &amp#27;[37m<-- POST /session/4d61b2ac-7488-4e5f-acb6-de3d9a0fded5/element/00000000-0000-036c-ffff-ffff000000a9/click &amp#27;[39m&amp#27;[32m200&amp#27;[39m &amp#27;[90m414 ms - 14&amp#27;[39m &amp#27;[90m&amp#27;[39m
&amp#27;[38;5;167m[4d61b2ac]&amp#27;[0m&amp#27;[38;5;86m[HTTP]&amp#27;[0m &amp#27;[37m-->&amp#27;[39m &amp#27;[37mGET&amp#27;[39m &amp#27;[37m/session/4d61b2ac-7488-4e5f-acb6-de3d9a0fded5/context&amp#27;[39m &amp#27;[90m{}&amp#27;[39m
&amp#27;[38;5;167m[4d61b2ac]&amp#27;[0m&amp#27;[38;5;-120m[AndroidUiautomator2Driver@b270]&amp#27;[0m Calling AppiumDriver.getCurrentContext() with args: ["4d61b2ac-7488-4e5f-acb6-de3d9a0fded5"]
&amp#27;[38;5;167m[4d61b2ac]&amp#27;[0m&amp#27;[38;5;-120m[AndroidUiautomator2Driver@b270]&amp#27;[0m Responding to client with driver.getCurrentContext() result: "NATIVE_APP"
&amp#27;[38;5;167m[4d61b2ac]&amp#27;[0m&amp#27;[38;5;86m[HTTP]&amp#27;[0m &amp#27;[37m<-- GET /session/4d61b2ac-7488-4e5f-acb6-de3d9a0fded5/context &amp#27;[39m&amp#27;[32m200&amp#27;[39m &amp#27;[90m1 ms - 22&amp#27;[39m &amp#27;[90m&amp#27;[39m
&amp#27;[38;5;167m[4d61b2ac]&amp#27;[0m&amp#27;[38;5;86m[HTTP]&amp#27;[0m &amp#27;[37m-->&amp#27;[39m &amp#27;[37mPOST&amp#27;[39m &amp#27;[37m/session/4d61b2ac-7488-4e5f-acb6-de3d9a0fded5/element&amp#27;[39m &amp#27;[90m{"using":"id","value":"com.androidsample.generalstore:id/btnProceed"}&amp#27;[39m
&amp#27;[38;5;167m[4d61b2ac]&amp#27;[0m&amp#27;[38;5;-120m[AndroidUiautomator2Driver@b270]&amp#27;[0m Calling AppiumDriver.findElement() with args: ["id","com.androidsample.generalstore:id/btnProceed","4d61b2ac-7488-4e5f-acb6-de3d9a0fded5"]
&amp#27;[38;5;167m[4d61b2ac]&amp#27;[0m&amp#27;[38;5;-120m[AndroidUiautomator2Driver@b270]&amp#27;[0m Valid locator strategies for this request: xpath, id, class name, accessibility id, css selector, -android uiautomator
&amp#27;[38;5;167m[4d61b2ac]&amp#27;[0m&amp#27;[38;5;-120m[AndroidUiautomator2Driver@b270]&amp#27;[0m Waiting up to 10000 ms for condition
&amp#27;[38;5;167m[4d61b2ac]&amp#27;[0m&amp#27;[38;5;-120m[AndroidUiautomator2Driver@b270]&amp#27;[0m Matched '/element' to command name 'findElement'
&amp#27;[38;5;167m[4d61b2ac]&amp#27;[0m&amp#27;[38;5;-120m[AndroidUiautomator2Driver@b270]&amp#27;[0m Proxying [POST /element] to [POST http://127.0.0.1:8200/session/f9c3d272-12ec-48cf-9cf4-d6556c524551/element] with body: {"strategy":"id","selector":"com.androidsample.generalstore:id/btnProceed","context":"","multiple":false}
&amp#27;[38;5;167m[4d61b2ac]&amp#27;[0m&amp#27;[38;5;-120m[AndroidUiautomator2Driver@b270]&amp#27;[0m Got response with status 200: {"sessionId":"f9c3d272-12ec-48cf-9cf4-d6556c524551","value":{"ELEMENT":"00000000-0000-036b-ffff-ffff0000007c","element-6066-11e4-a52e-4f735466cecf":"00000000-0000-036b-ffff-ffff0000007c"}}
&amp#27;[38;5;167m[4d61b2ac]&amp#27;[0m&amp#27;[38;5;-120m[AndroidUiautomator2Driver@b270]&amp#27;[0m Responding to client with driver.findElement() result: {"element-6066-11e4-a52e-4f735466cecf":"00000000-0000-036b-ffff-ffff0000007c","ELEMENT":"00000000-0000-036b-ffff-ffff0000007c"}
&amp#27;[38;5;167m[4d61b2ac]&amp#27;[0m&amp#27;[38;5;86m[HTTP]&amp#27;[0m &amp#27;[37m<-- POST /session/4d61b2ac-7488-4e5f-acb6-de3d9a0fded5/element &amp#27;[39m&amp#27;[32m200&amp#27;[39m &amp#27;[90m640 ms - 137&amp#27;[39m &amp#27;[90m&amp#27;[39m
&amp#27;[38;5;167m[4d61b2ac]&amp#27;[0m&amp#27;[38;5;86m[HTTP]&amp#27;[0m &amp#27;[37m-->&amp#27;[39m &amp#27;[37mPOST&amp#27;[39m &amp#27;[37m/session/4d61b2ac-7488-4e5f-acb6-de3d9a0fded5/element/00000000-0000-036b-ffff-ffff0000007c/click&amp#27;[39m &amp#27;[90m{"id":"00000000-0000-036b-ffff-ffff0000007c"}&amp#27;[39m
&amp#27;[38;5;167m[4d61b2ac]&amp#27;[0m&amp#27;[38;5;-120m[AndroidUiautomator2Driver@b270]&amp#27;[0m Calling AppiumDriver.click() with args: ["00000000-0000-036b-ffff-ffff0000007c","4d61b2ac-7488-4e5f-acb6-de3d9a0fded5"]
&amp#27;[38;5;167m[4d61b2ac]&amp#27;[0m&amp#27;[38;5;-120m[AndroidUiautomator2Driver@b270]&amp#27;[0m Matched '/element/00000000-0000-036b-ffff-ffff0000007c/click' to command name 'click'
&amp#27;[38;5;167m[4d61b2ac]&amp#27;[0m&amp#27;[38;5;-120m[AndroidUiautomator2Driver@b270]&amp#27;[0m Proxying [POST /element/00000000-0000-036b-ffff-ffff0000007c/click] to [POST http://127.0.0.1:8200/session/f9c3d272-12ec-48cf-9cf4-d6556c524551/element/00000000-0000-036b-ffff-ffff0000007c/click] with body: {"element":"00000000-0000-036b-ffff-ffff0000007c"}
&amp#27;[38;5;167m[4d61b2ac]&amp#27;[0m&amp#27;[38;5;-120m[AndroidUiautomator2Driver@b270]&amp#27;[0m Got response with status 200: {"sessionId":"f9c3d272-12ec-48cf-9cf4-d6556c524551","value":null}
&amp#27;[38;5;167m[4d61b2ac]&amp#27;[0m&amp#27;[38;5;-120m[AndroidUiautomator2Driver@b270]&amp#27;[0m Responding to client with driver.click() result: null
&amp#27;[38;5;167m[4d61b2ac]&amp#27;[0m&amp#27;[38;5;86m[HTTP]&amp#27;[0m &amp#27;[37m<-- POST /session/4d61b2ac-7488-4e5f-acb6-de3d9a0fded5/element/00000000-0000-036b-ffff-ffff0000007c/click &amp#27;[39m&amp#27;[32m200&amp#27;[39m &amp#27;[90m415 ms - 14&amp#27;[39m &amp#27;[90m&amp#27;[39m
]]></system-out>
  </testcase>
</testsuite>