<?xml version="1.0" encoding="UTF-8"?>
<testng-results ignored="1" total="2" passed="1" failed="0" skipped="0">
  <reporter-output>
  </reporter-output>
  <suite started-at="2025-07-13T16:08:55 WAT" name="Suite" finished-at="2025-07-13T16:09:44 WAT" duration-ms="48793">
    <groups>
      <group name="Smoke">
        <method signature="eCommerce_tc_4_Hybrid.FillForm(java.util.HashMap)[pri:0, instance:framework.AppiumFramework.eCommerce_tc_4_Hybrid@4201c465]" name="FillForm" class="framework.AppiumFramework.eCommerce_tc_4_Hybrid"/>
      </group> <!-- Smoke -->
    </groups>
    <test started-at="2025-07-13T16:08:55 WAT" name="End to end Framework Test" finished-at="2025-07-13T16:09:44 WAT" duration-ms="48590">
      <class name="framework.AppiumFramework.eCommerce_tc_4_Hybrid">
        <test-method is-config="true" signature="ConfigAppium()[pri:0, instance:framework.AppiumFramework.eCommerce_tc_4_Hybrid@4201c465]" started-at="2025-07-13T16:08:55 WAT" name="ConfigAppium" finished-at="2025-07-13T16:09:10 WAT" duration-ms="14975" status="PASS">
          <reporter-output>
          </reporter-output>
        </test-method> <!-- ConfigAppium -->
        <test-method is-config="true" signature="preSetup()[pri:0, instance:framework.AppiumFramework.eCommerce_tc_4_Hybrid@4201c465]" started-at="2025-07-13T16:09:10 WAT" name="preSetup" finished-at="2025-07-13T16:09:11 WAT" duration-ms="1085" status="PASS">
          <reporter-output>
          </reporter-output>
        </test-method> <!-- preSetup -->
        <test-method signature="FillForm(java.util.HashMap)[pri:0, instance:framework.AppiumFramework.eCommerce_tc_4_Hybrid@4201c465]" started-at="2025-07-13T16:09:11 WAT" name="FillForm" data-provider="getData" finished-at="2025-07-13T16:09:44 WAT" duration-ms="32355" status="PASS">
          <params>
            <param index="0">
              <value>
                <![CDATA[{gender=male, name=olamide ige, country=Azerbaijan}]]>
              </value>
            </param>
          </params>
          <reporter-output>
          </reporter-output>
        </test-method> <!-- FillForm -->
      </class> <!-- framework.AppiumFramework.eCommerce_tc_4_Hybrid -->
    </test> <!-- End to end Framework Test -->
    <test started-at="2025-07-13T16:09:44 WAT" name="Framework 2" finished-at="2025-07-13T16:09:44 WAT" duration-ms="1">
    </test> <!-- Framework 2 -->
  </suite> <!-- Suite -->
</testng-results>
