<?xml version="1.0" encoding="UTF-8"?>
<testng-results ignored="0" total="1" passed="1" failed="0" skipped="0">
  <reporter-output>
  </reporter-output>
  <suite started-at="2025-07-19T01:54:33 WAT" name="Default suite" finished-at="2025-07-19T01:55:19 WAT" duration-ms="45788">
    <groups>
      <group name="Smoke">
        <method signature="eCommerce_tc_4_Hybrid.FillForm(java.util.HashMap)[pri:0, instance:framework.AppiumFramework.eCommerce_tc_4_Hybrid@38425407]" name="FillForm" class="framework.AppiumFramework.eCommerce_tc_4_Hybrid"/>
      </group> <!-- Smoke -->
    </groups>
    <test started-at="2025-07-19T01:54:33 WAT" name="Default test" finished-at="2025-07-19T01:55:19 WAT" duration-ms="45788">
      <class name="framework.AppiumFramework.eCommerce_tc_4_Hybrid">
        <test-method is-config="true" signature="ConfigAppium()[pri:0, instance:framework.AppiumFramework.eCommerce_tc_4_Hybrid@38425407]" started-at="2025-07-19T01:54:33 WAT" name="ConfigAppium" finished-at="2025-07-19T01:54:39 WAT" duration-ms="5180" status="PASS">
          <reporter-output>
          </reporter-output>
        </test-method> <!-- ConfigAppium -->
        <test-method is-config="true" signature="preSetup()[pri:0, instance:framework.AppiumFramework.eCommerce_tc_4_Hybrid@38425407]" started-at="2025-07-19T01:54:39 WAT" name="preSetup" finished-at="2025-07-19T01:54:39 WAT" duration-ms="340" status="PASS">
          <reporter-output>
          </reporter-output>
        </test-method> <!-- preSetup -->
        <test-method signature="FillForm(java.util.HashMap)[pri:0, instance:framework.AppiumFramework.eCommerce_tc_4_Hybrid@38425407]" started-at="2025-07-19T01:54:39 WAT" name="FillForm" data-provider="getData" finished-at="2025-07-19T01:55:18 WAT" duration-ms="39438" status="PASS">
          <params>
            <param index="0">
              <value>
                <![CDATA[{gender=male, name=olamide ige, country=Azerbaijan}]]>
              </value>
            </param>
          </params>
          <reporter-output>
          </reporter-output>
        </test-method> <!-- FillForm -->
        <test-method is-config="true" signature="tearDown()[pri:0, instance:framework.AppiumFramework.eCommerce_tc_4_Hybrid@38425407]" started-at="2025-07-19T01:55:18 WAT" name="tearDown" finished-at="2025-07-19T01:55:19 WAT" duration-ms="661" status="PASS">
          <reporter-output>
          </reporter-output>
        </test-method> <!-- tearDown -->
      </class> <!-- framework.AppiumFramework.eCommerce_tc_4_Hybrid -->
    </test> <!-- Default test -->
  </suite> <!-- Default suite -->
</testng-results>
